	qseqid	sseqid	pident	length	mismatch	gapopen	qstart	qend	sstart	send	evalue	bitscore	nident	sname
57	wuhan_hu_1|1|orf1ab_polyprotein|MN908947|266|21555_207	tr|A0A0A0MTS7|A0A0A0MTS7_HUMAN	100.0	7	0	0	1	7	9097	9103	23.0	19.2	7	tr|A0A0A0MTS7|A0A0A0MTS7_HUMAN Titin OS=Homo sapiens OX=9606 GN=TTN PE=1 SV=1
62	wuhan_hu_1|1|orf1ab_polyprotein|MN908947|266|21555_208	tr|E9PL21|E9PL21_HUMAN	100.0	7	0	0	1	7	4	10	15.0	19.2	7	tr|E9PL21|E9PL21_HUMAN Elongation factor 1-delta (Fragment) OS=Homo sapiens OX=9606 GN=EEF1D PE=1 SV=1
63	wuhan_hu_1|1|orf1ab_polyprotein|MN908947|266|21555_208	tr|E9PRY8|E9PRY8_HUMAN	100.0	7	0	0	1	7	54	60	21.0	19.2	7	tr|E9PRY8|E9PRY8_HUMAN Elongation factor 1-delta OS=Homo sapiens OX=9606 GN=EEF1D PE=1 SV=1
64	wuhan_hu_1|1|orf1ab_polyprotein|MN908947|266|21555_208	tr|A0A087X1X7|A0A087X1X7_HUMAN	100.0	7	0	0	1	7	4	10	21.0	19.2	7	tr|A0A087X1X7|A0A087X1X7_HUMAN Elongation factor 1-delta OS=Homo sapiens OX=9606 GN=EEF1D PE=1 SV=1
65	wuhan_hu_1|1|orf1ab_polyprotein|MN908947|266|21555_208	tr|E9PQR8|E9PQR8_HUMAN	100.0	7	0	0	1	7	4	10	22.0	19.2	7	tr|E9PQR8|E9PQR8_HUMAN Elongation factor 1-delta (Fragment) OS=Homo sapiens OX=9606 GN=EEF1D PE=1 SV=1
66	wuhan_hu_1|1|orf1ab_polyprotein|MN908947|266|21555_208	tr|E9PLS6|E9PLS6_HUMAN	100.0	7	0	0	1	7	4	10	22.0	19.2	7	tr|E9PLS6|E9PLS6_HUMAN Elongation factor 1-delta (Fragment) OS=Homo sapiens OX=9606 GN=EEF1D PE=1 SV=8
67	wuhan_hu_1|1|orf1ab_polyprotein|MN908947|266|21555_208	tr|E9PRL0|E9PRL0_HUMAN	100.0	7	0	0	1	7	4	10	22.0	19.2	7	tr|E9PRL0|E9PRL0_HUMAN Elongation factor 1-delta (Fragment) OS=Homo sapiens OX=9606 GN=EEF1D PE=1 SV=1
68	wuhan_hu_1|1|orf1ab_polyprotein|MN908947|266|21555_208	tr|E9PM66|E9PM66_HUMAN	100.0	7	0	0	1	7	4	10	22.0	19.2	7	tr|E9PM66|E9PM66_HUMAN Elongation factor 1-delta (Fragment) OS=Homo sapiens OX=9606 GN=EEF1D PE=1 SV=1
69	wuhan_hu_1|1|orf1ab_polyprotein|MN908947|266|21555_208	tr|E9PNC8|E9PNC8_HUMAN	100.0	7	0	0	1	7	4	10	23.0	19.2	7	tr|E9PNC8|E9PNC8_HUMAN Elongation factor 1-delta (Fragment) OS=Homo sapiens OX=9606 GN=EEF1D PE=1 SV=1
70	wuhan_hu_1|1|orf1ab_polyprotein|MN908947|266|21555_208	tr|E9PKH7|E9PKH7_HUMAN	100.0	7	0	0	1	7	4	10	23.0	19.2	7	tr|E9PKH7|E9PKH7_HUMAN Elongation factor 1-delta (Fragment) OS=Homo sapiens OX=9606 GN=EEF1D PE=1 SV=1
71	wuhan_hu_1|1|orf1ab_polyprotein|MN908947|266|21555_208	tr|E9PLT8|E9PLT8_HUMAN	100.0	7	0	0	1	7	4	10	23.0	19.2	7	tr|E9PLT8|E9PLT8_HUMAN Elongation factor 1-delta (Fragment) OS=Homo sapiens OX=9606 GN=EEF1D PE=1 SV=1
72	wuhan_hu_1|1|orf1ab_polyprotein|MN908947|266|21555_208	tr|E9PLA1|E9PLA1_HUMAN	100.0	7	0	0	1	7	4	10	23.0	19.2	7	tr|E9PLA1|E9PLA1_HUMAN Elongation factor 1-delta (Fragment) OS=Homo sapiens OX=9606 GN=EEF1D PE=1 SV=1
73	wuhan_hu_1|1|orf1ab_polyprotein|MN908947|266|21555_208	tr|E9PN56|E9PN56_HUMAN	100.0	7	0	0	1	7	4	10	27.0	18.9	7	tr|E9PN56|E9PN56_HUMAN Elongation factor 1-delta (Fragment) OS=Homo sapiens OX=9606 GN=EEF1D PE=1 SV=8
74	wuhan_hu_1|1|orf1ab_polyprotein|MN908947|266|21555_208	tr|E9PN71|E9PN71_HUMAN	100.0	7	0	0	1	7	4	10	29.0	18.9	7	tr|E9PN71|E9PN71_HUMAN Elongation factor 1-delta (Fragment) OS=Homo sapiens OX=9606 GN=EEF1D PE=1 SV=1
75	wuhan_hu_1|1|orf1ab_polyprotein|MN908947|266|21555_208	tr|E9PJV8|E9PJV8_HUMAN	100.0	7	0	0	1	7	4	10	30.0	18.9	7	tr|E9PJV8|E9PJV8_HUMAN Elongation factor 1-delta (Fragment) OS=Homo sapiens OX=9606 GN=EEF1D PE=1 SV=1
76	wuhan_hu_1|1|orf1ab_polyprotein|MN908947|266|21555_208	tr|E9PJ84|E9PJ84_HUMAN	100.0	7	0	0	1	7	4	10	33.0	18.5	7	tr|E9PJ84|E9PJ84_HUMAN Elongation factor 1-delta (Fragment) OS=Homo sapiens OX=9606 GN=EEF1D PE=1 SV=8
77	wuhan_hu_1|1|orf1ab_polyprotein|MN908947|266|21555_208	tr|E9PLL8|E9PLL8_HUMAN	100.0	7	0	0	1	7	4	10	38.0	18.1	7	tr|E9PLL8|E9PLL8_HUMAN Elongation factor 1-delta (Fragment) OS=Homo sapiens OX=9606 GN=EEF1D PE=1 SV=1
78	wuhan_hu_1|1|orf1ab_polyprotein|MN908947|266|21555_208	tr|E9PPY1|E9PPY1_HUMAN	100.0	7	0	0	1	7	4	10	46.0	18.5	7	tr|E9PPY1|E9PPY1_HUMAN Elongation factor 1-delta (Fragment) OS=Homo sapiens OX=9606 GN=EEF1D PE=1 SV=1
79	wuhan_hu_1|1|orf1ab_polyprotein|MN908947|266|21555_208	tr|E9PIP5|E9PIP5_HUMAN	100.0	7	0	0	1	7	4	10	51.0	18.1	7	tr|E9PIP5|E9PIP5_HUMAN Elongation factor 1-delta (Fragment) OS=Homo sapiens OX=9606 GN=EEF1D PE=1 SV=1
80	wuhan_hu_1|1|orf1ab_polyprotein|MN908947|266|21555_208	tr|E9PI93|E9PI93_HUMAN	100.0	7	0	0	1	7	4	10	60.0	18.1	7	tr|E9PI93|E9PI93_HUMAN Elongation factor 1-delta (Fragment) OS=Homo sapiens OX=9606 GN=EEF1D PE=1 SV=1
82	wuhan_hu_1|1|orf1ab_polyprotein|MN908947|266|21555_2081	tr|A0A0A0MTQ4|A0A0A0MTQ4_HUMAN	100.0	7	0	0	1	7	265	271	66.0	17.7	7	tr|A0A0A0MTQ4|A0A0A0MTQ4_HUMAN Repulsive guidance molecule A OS=Homo sapiens OX=9606 GN=RGMA PE=1 SV=1
83	wuhan_hu_1|1|orf1ab_polyprotein|MN908947|266|21555_2081	tr|F5H7G2|F5H7G2_HUMAN	100.0	7	0	0	1	7	148	154	67.0	17.7	7	tr|F5H7G2|F5H7G2_HUMAN Repulsive guidance molecule A OS=Homo sapiens OX=9606 GN=RGMA PE=1 SV=2
86	wuhan_hu_1|1|orf1ab_polyprotein|MN908947|266|21555_2099	tr|A0A0A0MT26|A0A0A0MT26_HUMAN	100.0	7	0	0	1	7	203	209	90.0	17.3	7	tr|A0A0A0MT26|A0A0A0MT26_HUMAN Sodium/potassium-transporting ATPase subunit alpha-3 OS=Homo sapiens OX=9606 GN=ATP1A3 PE=1 SV=1
140	wuhan_hu_1|1|orf1ab_polyprotein|MN908947|266|21555_2239	tr|H0Y403|H0Y403_HUMAN	100.0	7	0	0	1	7	5	11	62.0	18.1	7	tr|H0Y403|H0Y403_HUMAN Juxtaposed with another zinc finger protein 1 (Fragment) OS=Homo sapiens OX=9606 GN=JAZF1 PE=1 SV=1
141	wuhan_hu_1|1|orf1ab_polyprotein|MN908947|266|21555_2247	tr|F5GWP8|F5GWP8_HUMAN	100.0	7	0	0	1	7	3	9	94.0	17.3	7	tr|F5GWP8|F5GWP8_HUMAN Keratin, type I cytoskeletal 17 OS=Homo sapiens OX=9606 GN=KRT17 PE=1 SV=2
249	wuhan_hu_1|1|orf1ab_polyprotein|MN908947|266|21555_227	tr|E9PFX0|E9PFX0_HUMAN	87.5	8	0	1	1	7	102	109	82.0	17.3	7	tr|E9PFX0|E9PFX0_HUMAN Hepatitis A virus cellular receptor 1 OS=Homo sapiens OX=9606 GN=HAVCR1 PE=1 SV=1
528	wuhan_hu_1|1|orf1ab_polyprotein|MN908947|266|21555_2472	tr|H0YJB5|H0YJB5_HUMAN	100.0	7	0	0	1	7	295	301	49.0	18.1	7	tr|H0YJB5|H0YJB5_HUMAN Ral GTPase-activating protein subunit alpha-1 (Fragment) OS=Homo sapiens OX=9606 GN=RALGAPA1 PE=1 SV=1
529	wuhan_hu_1|1|orf1ab_polyprotein|MN908947|266|21555_2472	tr|A0A1B0GUI1|A0A1B0GUI1_HUMAN	100.0	7	0	0	1	7	2116	2122	64.0	17.7	7	tr|A0A1B0GUI1|A0A1B0GUI1_HUMAN Ral GTPase-activating protein subunit alpha-1 OS=Homo sapiens OX=9606 GN=RALGAPA1 PE=1 SV=1
552	wuhan_hu_1|1|orf1ab_polyprotein|MN908947|266|21555_2499	tr|Q5T2J8|Q5T2J8_HUMAN	100.0	7	0	0	1	7	660	666	8.3	20.4	7	tr|Q5T2J8|Q5T2J8_HUMAN RING finger protein 17 (Fragment) OS=Homo sapiens OX=9606 GN=RNF17 PE=1 SV=2
598	wuhan_hu_1|1|orf1ab_polyprotein|MN908947|266|21555_2642	tr|A0A087WX45|A0A087WX45_HUMAN	100.0	7	0	0	1	7	23	29	99.0	17.3	7	tr|A0A087WX45|A0A087WX45_HUMAN IQ domain-containing protein E OS=Homo sapiens OX=9606 GN=IQCE PE=1 SV=1
779	wuhan_hu_1|1|orf1ab_polyprotein|MN908947|266|21555_2760	tr|A0A1C7CYX9|A0A1C7CYX9_HUMAN	100.0	7	0	0	1	7	125	131	60.0	18.1	7	tr|A0A1C7CYX9|A0A1C7CYX9_HUMAN Dihydropyrimidinase-related protein 2 OS=Homo sapiens OX=9606 GN=DPYSL2 PE=1 SV=1
780	wuhan_hu_1|1|orf1ab_polyprotein|MN908947|266|21555_2760	tr|E5RFU4|E5RFU4_HUMAN	100.0	7	0	0	1	7	92	98	60.0	18.1	7	tr|E5RFU4|E5RFU4_HUMAN Dihydropyrimidinase-related protein 2 (Fragment) OS=Homo sapiens OX=9606 GN=DPYSL2 PE=1 SV=1
807	wuhan_hu_1|1|orf1ab_polyprotein|MN908947|266|21555_2773	tr|F8VZ51|F8VZ51_HUMAN	100.0	7	0	0	1	7	13	19	89.0	17.3	7	tr|F8VZ51|F8VZ51_HUMAN Cyclin-dependent kinase 4 (Fragment) OS=Homo sapiens OX=9606 GN=CDK4 PE=1 SV=1
808	wuhan_hu_1|1|orf1ab_polyprotein|MN908947|266|21555_2773	tr|F8VTV8|F8VTV8_HUMAN	100.0	7	0	0	1	7	87	93	89.0	17.3	7	tr|F8VTV8|F8VTV8_HUMAN Cyclin-dependent kinase 4 OS=Homo sapiens OX=9606 GN=CDK4 PE=1 SV=1
809	wuhan_hu_1|1|orf1ab_polyprotein|MN908947|266|21555_2773	tr|F8VZZ0|F8VZZ0_HUMAN	100.0	7	0	0	1	7	13	19	89.0	17.3	7	tr|F8VZZ0|F8VZZ0_HUMAN Cyclin-dependent kinase 4 (Fragment) OS=Homo sapiens OX=9606 GN=CDK4 PE=1 SV=1
810	wuhan_hu_1|1|orf1ab_polyprotein|MN908947|266|21555_2773	tr|F8VYH9|F8VYH9_HUMAN	100.0	7	0	0	1	7	87	93	90.0	17.3	7	tr|F8VYH9|F8VYH9_HUMAN Cyclin-dependent kinase 4 (Fragment) OS=Homo sapiens OX=9606 GN=CDK4 PE=1 SV=1
811	wuhan_hu_1|1|orf1ab_polyprotein|MN908947|266|21555_2773	tr|F8W1L8|F8W1L8_HUMAN	100.0	7	0	0	1	7	87	93	93.0	17.3	7	tr|F8W1L8|F8W1L8_HUMAN Cyclin-dependent kinase 4 (Fragment) OS=Homo sapiens OX=9606 GN=CDK4 PE=1 SV=1
900	wuhan_hu_1|1|orf1ab_polyprotein|MN908947|266|21555_2865	tr|A0A669KBM4|A0A669KBM4_HUMAN	100.0	7	0	0	1	7	34	40	84.0	17.3	7	tr|A0A669KBM4|A0A669KBM4_HUMAN DNA-binding protein RFX7 OS=Homo sapiens OX=9606 GN=RFX7 PE=1 SV=1
903	wuhan_hu_1|1|orf1ab_polyprotein|MN908947|266|21555_2869	tr|A6NEM2|A6NEM2_HUMAN	100.0	7	0	0	1	7	842	848	58.0	18.1	7	tr|A6NEM2|A6NEM2_HUMAN Host cell factor 1 OS=Homo sapiens OX=9606 GN=HCFC1 PE=1 SV=2
943	wuhan_hu_1|1|orf1ab_polyprotein|MN908947|266|21555_2878	tr|F5H2N6|F5H2N6_HUMAN	100.0	7	0	0	1	7	46	52	6.1	20.8	7	tr|F5H2N6|F5H2N6_HUMAN E3 SUMO-protein ligase KIAA1586 OS=Homo sapiens OX=9606 GN=KIAA1586 PE=1 SV=1
975	wuhan_hu_1|1|orf1ab_polyprotein|MN908947|266|21555_2881	tr|K7EJA5|K7EJA5_HUMAN	100.0	7	0	0	1	7	87	93	43.0	18.5	7	tr|K7EJA5|K7EJA5_HUMAN Cysteine protease (Fragment) OS=Homo sapiens OX=9606 GN=ATG4D PE=1 SV=1
1136	wuhan_hu_1|1|orf1ab_polyprotein|MN908947|266|21555_2978	tr|A0A087WX23|A0A087WX23_HUMAN	100.0	7	0	0	1	7	540	546	2.5	21.9	7	tr|A0A087WX23|A0A087WX23_HUMAN Retrotransposon-derived protein PEG10 OS=Homo sapiens OX=9606 GN=PEG10 PE=1 SV=1
1137	wuhan_hu_1|1|orf1ab_polyprotein|MN908947|266|21555_2978	tr|A0A087WUL4|A0A087WUL4_HUMAN	100.0	7	0	0	1	7	498	504	2.5	21.9	7	tr|A0A087WUL4|A0A087WUL4_HUMAN Retrotransposon-derived protein PEG10 OS=Homo sapiens OX=9606 GN=PEG10 PE=1 SV=1
1138	wuhan_hu_1|1|orf1ab_polyprotein|MN908947|266|21555_2978	tr|A0A087WXK2|A0A087WXK2_HUMAN	100.0	7	0	0	1	7	464	470	2.5	21.9	7	tr|A0A087WXK2|A0A087WXK2_HUMAN Retrotransposon-derived protein PEG10 OS=Homo sapiens OX=9606 GN=PEG10 PE=1 SV=1
1216	wuhan_hu_1|1|orf1ab_polyprotein|MN908947|266|21555_3047	tr|Q5VSF9|Q5VSF9_HUMAN	100.0	7	0	0	1	7	841	847	84.0	17.3	7	tr|Q5VSF9|Q5VSF9_HUMAN Glutamate receptor ionotropic, NMDA 1 OS=Homo sapiens OX=9606 GN=GRIN1 PE=1 SV=2
1397	wuhan_hu_1|1|orf1ab_polyprotein|MN908947|266|21555_3228	tr|E7ESC9|E7ESC9_HUMAN	100.0	7	0	0	1	7	946	952	10.0	20.0	7	tr|E7ESC9|E7ESC9_HUMAN WD repeat-containing protein 17 OS=Homo sapiens OX=9606 GN=WDR17 PE=1 SV=2
1398	wuhan_hu_1|1|orf1ab_polyprotein|MN908947|266|21555_3228	tr|H0YAG1|H0YAG1_HUMAN	100.0	7	0	0	1	7	206	212	11.0	20.0	7	tr|H0YAG1|H0YAG1_HUMAN WD repeat-containing protein 17 (Fragment) OS=Homo sapiens OX=9606 GN=WDR17 PE=1 SV=1
1405	wuhan_hu_1|1|orf1ab_polyprotein|MN908947|266|21555_3242	tr|E9PJD1|E9PJD1_HUMAN	100.0	7	0	0	1	7	190	196	48.0	18.1	7	tr|E9PJD1|E9PJD1_HUMAN Solute carrier family 35 member F2 OS=Homo sapiens OX=9606 GN=SLC35F2 PE=1 SV=1
1827	wuhan_hu_1|1|orf1ab_polyprotein|MN908947|266|21555_3499	tr|A0A494C100|A0A494C100_HUMAN	100.0	7	0	0	1	7	199	205	19.0	19.2	7	tr|A0A494C100|A0A494C100_HUMAN DNA helicase OS=Homo sapiens OX=9606 PE=3 SV=1
1830	wuhan_hu_1|1|orf1ab_polyprotein|MN908947|266|21555_3500	tr|A0A494C100|A0A494C100_HUMAN	100.0	7	0	0	1	7	200	206	20.0	19.2	7	tr|A0A494C100|A0A494C100_HUMAN DNA helicase OS=Homo sapiens OX=9606 PE=3 SV=1
1840	wuhan_hu_1|1|orf1ab_polyprotein|MN908947|266|21555_3531	tr|A0A1W2PNQ5|A0A1W2PNQ5_HUMAN	100.0	7	0	0	1	7	36	42	51.0	18.1	7	tr|A0A1W2PNQ5|A0A1W2PNQ5_HUMAN Lipoyl synthase, mitochondrial OS=Homo sapiens OX=9606 GN=LIAS PE=1 SV=1
1841	wuhan_hu_1|1|orf1ab_polyprotein|MN908947|266|21555_3531	tr|B4E0L7|B4E0L7_HUMAN	100.0	7	0	0	1	7	36	42	58.0	18.1	7	tr|B4E0L7|B4E0L7_HUMAN Lipoyl synthase, mitochondrial OS=Homo sapiens OX=9606 GN=LIAS PE=1 SV=1
1842	wuhan_hu_1|1|orf1ab_polyprotein|MN908947|266|21555_3531	tr|A0A1W2PQ87|A0A1W2PQ87_HUMAN	100.0	7	0	0	1	7	36	42	58.0	18.1	7	tr|A0A1W2PQ87|A0A1W2PQ87_HUMAN Lipoyl synthase, mitochondrial OS=Homo sapiens OX=9606 GN=LIAS PE=1 SV=1
1843	wuhan_hu_1|1|orf1ab_polyprotein|MN908947|266|21555_3531	tr|A0A1W2PPM2|A0A1W2PPM2_HUMAN	100.0	7	0	0	1	7	36	42	69.0	17.7	7	tr|A0A1W2PPM2|A0A1W2PPM2_HUMAN Lipoyl synthase (Fragment) OS=Homo sapiens OX=9606 GN=LIAS PE=1 SV=1
1844	wuhan_hu_1|1|orf1ab_polyprotein|MN908947|266|21555_3531	tr|Q6P5Q6|Q6P5Q6_HUMAN	100.0	7	0	0	1	7	36	42	71.0	17.7	7	tr|Q6P5Q6|Q6P5Q6_HUMAN LIAS protein OS=Homo sapiens OX=9606 GN=LIAS PE=1 SV=1
1845	wuhan_hu_1|1|orf1ab_polyprotein|MN908947|266|21555_3531	tr|A0A1X7SBR7|A0A1X7SBR7_HUMAN	100.0	7	0	0	1	7	36	42	74.0	17.7	7	tr|A0A1X7SBR7|A0A1X7SBR7_HUMAN Lipoyl synthase OS=Homo sapiens OX=9606 GN=LIAS PE=1 SV=1
1846	wuhan_hu_1|1|orf1ab_polyprotein|MN908947|266|21555_3531	tr|A0A1W2PQE9|A0A1W2PQE9_HUMAN	100.0	7	0	0	1	7	36	42	76.0	17.7	7	tr|A0A1W2PQE9|A0A1W2PQE9_HUMAN Lipoyl synthase, mitochondrial OS=Homo sapiens OX=9606 GN=LIAS PE=1 SV=1
1847	wuhan_hu_1|1|orf1ab_polyprotein|MN908947|266|21555_3531	tr|D6RCP8|D6RCP8_HUMAN	100.0	7	0	0	1	7	36	42	89.0	17.3	7	tr|D6RCP8|D6RCP8_HUMAN Lipoyl synthase OS=Homo sapiens OX=9606 GN=LIAS PE=1 SV=1
1848	wuhan_hu_1|1|orf1ab_polyprotein|MN908947|266|21555_3531	tr|A0A1W2PQS9|A0A1W2PQS9_HUMAN	100.0	7	0	0	1	7	36	42	90.0	17.3	7	tr|A0A1W2PQS9|A0A1W2PQS9_HUMAN Lipoyl synthase, mitochondrial OS=Homo sapiens OX=9606 GN=LIAS PE=1 SV=1
1849	wuhan_hu_1|1|orf1ab_polyprotein|MN908947|266|21555_3531	tr|A0A1W2PR40|A0A1W2PR40_HUMAN	100.0	7	0	0	1	7	36	42	93.0	17.3	7	tr|A0A1W2PR40|A0A1W2PR40_HUMAN Lipoyl synthase, mitochondrial OS=Homo sapiens OX=9606 GN=LIAS PE=1 SV=1
2092	wuhan_hu_1|1|orf1ab_polyprotein|MN908947|266|21555_3637	tr|A0A0C4DG73|A0A0C4DG73_HUMAN	100.0	7	0	0	1	7	99	105	46.0	18.1	7	tr|A0A0C4DG73|A0A0C4DG73_HUMAN Ubiquitin carboxyl-terminal hydrolase (Fragment) OS=Homo sapiens OX=9606 GN=USP34 PE=1 SV=1
2117	wuhan_hu_1|1|orf1ab_polyprotein|MN908947|266|21555_3670	tr|A0A0U1RR18|A0A0U1RR18_HUMAN	100.0	7	0	0	1	7	896	902	36.0	18.5	7	tr|A0A0U1RR18|A0A0U1RR18_HUMAN Solute carrier family 12 member 7 (Fragment) OS=Homo sapiens OX=9606 GN=SLC12A7 PE=1 SV=1
2118	wuhan_hu_1|1|orf1ab_polyprotein|MN908947|266|21555_3670	tr|A0A0G2JNW7|A0A0G2JNW7_HUMAN	100.0	7	0	0	1	7	995	1001	39.0	18.5	7	tr|A0A0G2JNW7|A0A0G2JNW7_HUMAN Solute carrier family 12 member 7 OS=Homo sapiens OX=9606 GN=SLC12A7 PE=1 SV=1
2119	wuhan_hu_1|1|orf1ab_polyprotein|MN908947|266|21555_3671	tr|A0A0G2JNW7|A0A0G2JNW7_HUMAN	100.0	7	0	0	1	7	996	1002	72.0	17.7	7	tr|A0A0G2JNW7|A0A0G2JNW7_HUMAN Solute carrier family 12 member 7 OS=Homo sapiens OX=9606 GN=SLC12A7 PE=1 SV=1
2120	wuhan_hu_1|1|orf1ab_polyprotein|MN908947|266|21555_3671	tr|A0A0U1RR18|A0A0U1RR18_HUMAN	100.0	7	0	0	1	7	897	903	73.0	17.7	7	tr|A0A0U1RR18|A0A0U1RR18_HUMAN Solute carrier family 12 member 7 (Fragment) OS=Homo sapiens OX=9606 GN=SLC12A7 PE=1 SV=1
2508	wuhan_hu_1|1|orf1ab_polyprotein|MN908947|266|21555_3825	tr|A0A1W2PQT3|A0A1W2PQT3_HUMAN	100.0	7	0	0	1	7	51	57	23.0	19.2	7	tr|A0A1W2PQT3|A0A1W2PQT3_HUMAN Malic enzyme OS=Homo sapiens OX=9606 GN=ME2 PE=1 SV=1
2509	wuhan_hu_1|1|orf1ab_polyprotein|MN908947|266|21555_3825	tr|A0A1W2PQH3|A0A1W2PQH3_HUMAN	100.0	7	0	0	1	7	14	20	27.0	18.9	7	tr|A0A1W2PQH3|A0A1W2PQH3_HUMAN Malic enzyme OS=Homo sapiens OX=9606 GN=ME2 PE=1 SV=1
2510	wuhan_hu_1|1|orf1ab_polyprotein|MN908947|266|21555_3825	tr|A0A1W2PR68|A0A1W2PR68_HUMAN	100.0	7	0	0	1	7	51	57	28.0	18.9	7	tr|A0A1W2PR68|A0A1W2PR68_HUMAN Malic enzyme OS=Homo sapiens OX=9606 GN=ME2 PE=1 SV=1
2511	wuhan_hu_1|1|orf1ab_polyprotein|MN908947|266|21555_3825	tr|A0A1W2PPH1|A0A1W2PPH1_HUMAN	100.0	7	0	0	1	7	51	57	31.0	18.9	7	tr|A0A1W2PPH1|A0A1W2PPH1_HUMAN Malic enzyme OS=Homo sapiens OX=9606 GN=ME2 PE=1 SV=1
2512	wuhan_hu_1|1|orf1ab_polyprotein|MN908947|266|21555_3825	tr|A0A1W2PQ37|A0A1W2PQ37_HUMAN	100.0	7	0	0	1	7	14	20	31.0	18.9	7	tr|A0A1W2PQ37|A0A1W2PQ37_HUMAN Malic enzyme OS=Homo sapiens OX=9606 GN=ME2 PE=1 SV=1
2513	wuhan_hu_1|1|orf1ab_polyprotein|MN908947|266|21555_3825	tr|A0A1W2PQY8|A0A1W2PQY8_HUMAN	100.0	7	0	0	1	7	51	57	44.0	18.5	7	tr|A0A1W2PQY8|A0A1W2PQY8_HUMAN Malic enzyme OS=Homo sapiens OX=9606 GN=ME2 PE=1 SV=1
2514	wuhan_hu_1|1|orf1ab_polyprotein|MN908947|266|21555_3825	tr|A0A1W2PQF8|A0A1W2PQF8_HUMAN	100.0	7	0	0	1	7	51	57	45.0	18.1	7	tr|A0A1W2PQF8|A0A1W2PQF8_HUMAN Malic enzyme OS=Homo sapiens OX=9606 GN=ME2 PE=1 SV=1
2515	wuhan_hu_1|1|orf1ab_polyprotein|MN908947|266|21555_3825	tr|A0A1W2PRS2|A0A1W2PRS2_HUMAN	100.0	7	0	0	1	7	50	56	51.0	18.1	7	tr|A0A1W2PRS2|A0A1W2PRS2_HUMAN NAD-dependent malic enzyme, mitochondrial (Fragment) OS=Homo sapiens OX=9606 GN=ME2 PE=1 SV=1
2516	wuhan_hu_1|1|orf1ab_polyprotein|MN908947|266|21555_3825	tr|A0A1W2PQH4|A0A1W2PQH4_HUMAN	100.0	7	0	0	1	7	51	57	52.0	18.1	7	tr|A0A1W2PQH4|A0A1W2PQH4_HUMAN NAD-dependent malic enzyme, mitochondrial OS=Homo sapiens OX=9606 GN=ME2 PE=1 SV=1
2517	wuhan_hu_1|1|orf1ab_polyprotein|MN908947|266|21555_3825	tr|A0A1W2PRY9|A0A1W2PRY9_HUMAN	100.0	7	0	0	1	7	51	57	54.0	18.1	7	tr|A0A1W2PRY9|A0A1W2PRY9_HUMAN NAD-dependent malic enzyme, mitochondrial OS=Homo sapiens OX=9606 GN=ME2 PE=1 SV=1
2518	wuhan_hu_1|1|orf1ab_polyprotein|MN908947|266|21555_3825	tr|A0A1W2PRH1|A0A1W2PRH1_HUMAN	100.0	7	0	0	1	7	51	57	55.0	18.1	7	tr|A0A1W2PRH1|A0A1W2PRH1_HUMAN NAD-dependent malic enzyme, mitochondrial OS=Homo sapiens OX=9606 GN=ME2 PE=1 SV=1
2591	wuhan_hu_1|1|orf1ab_polyprotein|MN908947|266|21555_3995	tr|A0A087WSZ2|A0A087WSZ2_HUMAN	100.0	7	0	0	1	7	365	371	99.0	17.3	7	tr|A0A087WSZ2|A0A087WSZ2_HUMAN Alpha-actinin-3 OS=Homo sapiens OX=9606 GN=ACTN3 PE=1 SV=1
2592	wuhan_hu_1|1|orf1ab_polyprotein|MN908947|266|21555_4014	tr|E7ER08|E7ER08_HUMAN	100.0	7	0	0	1	7	228	234	54.0	18.1	7	tr|E7ER08|E7ER08_HUMAN Cytochrome P450 26B1 OS=Homo sapiens OX=9606 GN=CYP26B1 PE=1 SV=1
2823	wuhan_hu_1|1|orf1ab_polyprotein|MN908947|266|21555_4183	tr|Q5QPR4|Q5QPR4_HUMAN	100.0	7	0	0	1	7	226	232	74.0	17.7	7	tr|Q5QPR4|Q5QPR4_HUMAN Cyclin-dependent kinase 11A OS=Homo sapiens OX=9606 GN=CDK11A PE=1 SV=1
2824	wuhan_hu_1|1|orf1ab_polyprotein|MN908947|266|21555_4183	tr|Q5QPR3|Q5QPR3_HUMAN	100.0	7	0	0	1	7	259	265	86.0	17.3	7	tr|Q5QPR3|Q5QPR3_HUMAN Cyclin-dependent kinase 11A OS=Homo sapiens OX=9606 GN=CDK11A PE=1 SV=1
2825	wuhan_hu_1|1|orf1ab_polyprotein|MN908947|266|21555_4183	tr|J3KS35|J3KS35_HUMAN	100.0	7	0	0	1	7	260	266	95.0	17.3	7	tr|J3KS35|J3KS35_HUMAN Cyclin-dependent kinase 11A OS=Homo sapiens OX=9606 GN=CDK11A PE=1 SV=1
2826	wuhan_hu_1|1|orf1ab_polyprotein|MN908947|266|21555_4183	tr|A0A0D9SER5|A0A0D9SER5_HUMAN	100.0	7	0	0	1	7	263	269	98.0	17.3	7	tr|A0A0D9SER5|A0A0D9SER5_HUMAN Cyclin-dependent kinase 11B OS=Homo sapiens OX=9606 GN=CDK11B PE=1 SV=1
2827	wuhan_hu_1|1|orf1ab_polyprotein|MN908947|266|21555_4183	tr|E7ESP2|E7ESP2_HUMAN	100.0	7	0	0	1	7	273	279	99.0	17.3	7	tr|E7ESP2|E7ESP2_HUMAN Cyclin-dependent kinase 11A OS=Homo sapiens OX=9606 GN=CDK11A PE=1 SV=1
2903	wuhan_hu_1|1|orf1ab_polyprotein|MN908947|266|21555_4273	tr|F5GYF8|F5GYF8_HUMAN	100.0	7	0	0	1	7	1137	1143	46.0	18.1	7	tr|F5GYF8|F5GYF8_HUMAN Signal-induced proliferation-associated 1-like protein 1 OS=Homo sapiens OX=9606 GN=SIPA1L1 PE=1 SV=1
2907	wuhan_hu_1|1|orf1ab_polyprotein|MN908947|266|21555_4279	tr|C9J2H1|C9J2H1_HUMAN	100.0	7	0	0	1	7	919	925	19.0	19.2	7	tr|C9J2H1|C9J2H1_HUMAN Inter-alpha-trypsin inhibitor heavy chain H5 OS=Homo sapiens OX=9606 GN=ITIH5 PE=1 SV=2
2908	wuhan_hu_1|1|orf1ab_polyprotein|MN908947|266|21555_4279	tr|A0A096LP62|A0A096LP62_HUMAN	100.0	7	0	0	1	7	705	711	19.0	19.2	7	tr|A0A096LP62|A0A096LP62_HUMAN Inter-alpha-trypsin inhibitor heavy chain H5 OS=Homo sapiens OX=9606 GN=ITIH5 PE=1 SV=1
2922	wuhan_hu_1|1|orf1ab_polyprotein|MN908947|266|21555_4311	tr|A0A087WW23|A0A087WW23_HUMAN	100.0	7	0	0	1	7	54	60	7.1	20.8	7	tr|A0A087WW23|A0A087WW23_HUMAN Arachidonate 5-lipoxygenase-activating protein OS=Homo sapiens OX=9606 GN=ALOX5AP PE=1 SV=1
2923	wuhan_hu_1|1|orf1ab_polyprotein|MN908947|266|21555_4312	tr|A0A087WW23|A0A087WW23_HUMAN	100.0	7	0	0	1	7	55	61	16.0	19.6	7	tr|A0A087WW23|A0A087WW23_HUMAN Arachidonate 5-lipoxygenase-activating protein OS=Homo sapiens OX=9606 GN=ALOX5AP PE=1 SV=1
3025	wuhan_hu_1|1|orf1ab_polyprotein|MN908947|266|21555_4330	tr|F8WDG7|F8WDG7_HUMAN	87.5	8	0	1	1	7	149	156	71.0	17.7	7	tr|F8WDG7|F8WDG7_HUMAN Inactive tyrosine-protein kinase 7 OS=Homo sapiens OX=9606 GN=PTK7 PE=1 SV=1
3031	wuhan_hu_1|1|orf1ab_polyprotein|MN908947|266|21555_4330	tr|Q86X91|Q86X91_HUMAN	87.5	8	0	1	1	7	149	156	98.0	17.3	7	tr|Q86X91|Q86X91_HUMAN Inactive tyrosine-protein kinase 7 OS=Homo sapiens OX=9606 GN=PTK7 PE=1 SV=1
3255	wuhan_hu_1|1|orf1ab_polyprotein|MN908947|266|21555_4410	tr|M0R2J9|M0R2J9_HUMAN	100.0	7	0	0	1	7	59	65	39.0	18.5	7	tr|M0R2J9|M0R2J9_HUMAN Transcription factor Spi-B (Fragment) OS=Homo sapiens OX=9606 GN=SPIB PE=4 SV=1
3536	wuhan_hu_1|1|orf1ab_polyprotein|MN908947|266|21555_4569	tr|K7EIY6|K7EIY6_HUMAN	100.0	7	0	0	1	7	211	217	26.0	18.9	7	tr|K7EIY6|K7EIY6_HUMAN RING-type E3 ubiquitin transferase (Fragment) OS=Homo sapiens OX=9606 GN=RNF126 PE=1 SV=7
3614	wuhan_hu_1|1|orf1ab_polyprotein|MN908947|266|21555_4618	tr|H0Y9I4|H0Y9I4_HUMAN	100.0	7	0	0	1	7	155	161	34.0	18.9	7	tr|H0Y9I4|H0Y9I4_HUMAN Peptidyl-glycine alpha-amidating monooxygenase (Fragment) OS=Homo sapiens OX=9606 GN=PAM PE=1 SV=1
3619	wuhan_hu_1|1|orf1ab_polyprotein|MN908947|266|21555_4619	tr|H0Y9I4|H0Y9I4_HUMAN	100.0	7	0	0	1	7	156	162	75.0	17.7	7	tr|H0Y9I4|H0Y9I4_HUMAN Peptidyl-glycine alpha-amidating monooxygenase (Fragment) OS=Homo sapiens OX=9606 GN=PAM PE=1 SV=1
3835	wuhan_hu_1|1|orf1ab_polyprotein|MN908947|266|21555_4719	tr|H0YK34|H0YK34_HUMAN	100.0	7	0	0	1	7	27	33	46.0	18.5	7	tr|H0YK34|H0YK34_HUMAN Neuronal acetylcholine receptor subunit alpha-5 (Fragment) OS=Homo sapiens OX=9606 GN=CHRNA5 PE=4 SV=1
3879	wuhan_hu_1|1|orf1ab_polyprotein|MN908947|266|21555_4756	tr|C9J4H5|C9J4H5_HUMAN	100.0	7	0	0	1	7	33	39	46.0	18.1	7	tr|C9J4H5|C9J4H5_HUMAN Semaphorin-3F (Fragment) OS=Homo sapiens OX=9606 GN=SEMA3F PE=1 SV=8
3880	wuhan_hu_1|1|orf1ab_polyprotein|MN908947|266|21555_4756	tr|C9J1V2|C9J1V2_HUMAN	100.0	7	0	0	1	7	33	39	61.0	18.1	7	tr|C9J1V2|C9J1V2_HUMAN Semaphorin-3F (Fragment) OS=Homo sapiens OX=9606 GN=SEMA3F PE=1 SV=1
3883	wuhan_hu_1|1|orf1ab_polyprotein|MN908947|266|21555_4772	tr|H3BM74|H3BM74_HUMAN	100.0	7	0	0	1	7	478	484	25.0	18.9	7	tr|H3BM74|H3BM74_HUMAN NEDD8 ultimate buster 1 OS=Homo sapiens OX=9606 GN=NUB1 PE=1 SV=1
3884	wuhan_hu_1|1|orf1ab_polyprotein|MN908947|266|21555_4772	tr|H7C5E1|H7C5E1_HUMAN	100.0	7	0	0	1	7	58	64	83.0	17.7	7	tr|H7C5E1|H7C5E1_HUMAN NEDD8 ultimate buster 1 (Fragment) OS=Homo sapiens OX=9606 GN=NUB1 PE=1 SV=1
3970	wuhan_hu_1|1|orf1ab_polyprotein|MN908947|266|21555_4858	tr|C9JEQ8|C9JEQ8_HUMAN	100.0	7	0	0	1	7	155	161	66.0	17.7	7	tr|C9JEQ8|C9JEQ8_HUMAN GTP-binding protein 10 (Fragment) OS=Homo sapiens OX=9606 GN=GTPBP10 PE=1 SV=8
4042	wuhan_hu_1|1|orf1ab_polyprotein|MN908947|266|21555_4944	tr|B1AKC9|B1AKC9_HUMAN	100.0	7	0	0	1	7	504	510	48.0	18.1	7	tr|B1AKC9|B1AKC9_HUMAN Receptor protein-tyrosine kinase OS=Homo sapiens OX=9606 GN=EPHB2 PE=1 SV=1
4043	wuhan_hu_1|1|orf1ab_polyprotein|MN908947|266|21555_4944	tr|A0A3B3IRY8|A0A3B3IRY8_HUMAN	100.0	7	0	0	1	7	507	513	77.0	17.7	7	tr|A0A3B3IRY8|A0A3B3IRY8_HUMAN Receptor protein-tyrosine kinase OS=Homo sapiens OX=9606 GN=EPHB1 PE=1 SV=1
4075	wuhan_hu_1|1|orf1ab_polyprotein|MN908947|266|21555_4963	tr|F8W784|F8W784_HUMAN	100.0	7	0	0	1	7	2	8	35.0	18.5	7	tr|F8W784|F8W784_HUMAN Progestin and adipoQ receptor family member 3 OS=Homo sapiens OX=9606 GN=PAQR3 PE=1 SV=1
4761	wuhan_hu_1|1|orf1ab_polyprotein|MN908947|266|21555_5372	tr|K7ESA4|K7ESA4_HUMAN	100.0	7	0	0	1	7	8	14	7.0	20.8	7	tr|K7ESA4|K7ESA4_HUMAN Cyclic AMP-dependent transcription factor ATF-7 (Fragment) OS=Homo sapiens OX=9606 GN=ATF7 PE=1 SV=1
4762	wuhan_hu_1|1|orf1ab_polyprotein|MN908947|266|21555_5372	tr|K7ELQ4|K7ELQ4_HUMAN	100.0	7	0	0	1	7	8	14	8.8	20.4	7	tr|K7ELQ4|K7ELQ4_HUMAN Cyclic AMP-dependent transcription factor ATF-7 OS=Homo sapiens OX=9606 GN=ATF7-NPFF PE=3 SV=1
4954	wuhan_hu_1|1|orf1ab_polyprotein|MN908947|266|21555_5493	tr|G8JLM4|G8JLM4_HUMAN	100.0	7	0	0	1	7	623	629	33.0	18.9	7	tr|G8JLM4|G8JLM4_HUMAN Usher syndrome type-1C protein-binding protein 1 OS=Homo sapiens OX=9606 GN=USHBP1 PE=1 SV=1
4988	wuhan_hu_1|1|orf1ab_polyprotein|MN908947|266|21555_5560	tr|H0YLH9|H0YLH9_HUMAN	100.0	7	0	0	1	7	196	202	63.0	17.7	7	tr|H0YLH9|H0YLH9_HUMAN Pro-interleukin-16 (Fragment) OS=Homo sapiens OX=9606 GN=IL16 PE=1 SV=2
5061	wuhan_hu_1|1|orf1ab_polyprotein|MN908947|266|21555_5604	tr|Q5JXR6|Q5JXR6_HUMAN	100.0	7	0	0	1	7	618	624	2.5	21.9	7	tr|Q5JXR6|Q5JXR6_HUMAN NFX1-type zinc finger-containing protein 1 OS=Homo sapiens OX=9606 GN=ZNFX1 PE=1 SV=1
5062	wuhan_hu_1|1|orf1ab_polyprotein|MN908947|266|21555_5604	tr|Q5JXR7|Q5JXR7_HUMAN	100.0	7	0	0	1	7	422	428	2.8	21.9	7	tr|Q5JXR7|Q5JXR7_HUMAN NFX1-type zinc finger-containing protein 1 (Fragment) OS=Homo sapiens OX=9606 GN=ZNFX1 PE=1 SV=1
5063	wuhan_hu_1|1|orf1ab_polyprotein|MN908947|266|21555_5604	tr|Q5JXR5|Q5JXR5_HUMAN	100.0	7	0	0	1	7	618	624	4.1	21.2	7	tr|Q5JXR5|Q5JXR5_HUMAN NFX1-type zinc finger-containing protein 1 (Fragment) OS=Homo sapiens OX=9606 GN=ZNFX1 PE=1 SV=1
5101	wuhan_hu_1|1|orf1ab_polyprotein|MN908947|266|21555_5605	tr|Q5JXR6|Q5JXR6_HUMAN	100.0	7	0	0	1	7	619	625	3.3	21.6	7	tr|Q5JXR6|Q5JXR6_HUMAN NFX1-type zinc finger-containing protein 1 OS=Homo sapiens OX=9606 GN=ZNFX1 PE=1 SV=1
5102	wuhan_hu_1|1|orf1ab_polyprotein|MN908947|266|21555_5605	tr|Q5JXR5|Q5JXR5_HUMAN	100.0	7	0	0	1	7	619	625	3.3	21.6	7	tr|Q5JXR5|Q5JXR5_HUMAN NFX1-type zinc finger-containing protein 1 (Fragment) OS=Homo sapiens OX=9606 GN=ZNFX1 PE=1 SV=1
5103	wuhan_hu_1|1|orf1ab_polyprotein|MN908947|266|21555_5605	tr|Q5JXR7|Q5JXR7_HUMAN	100.0	7	0	0	1	7	423	429	3.3	21.6	7	tr|Q5JXR7|Q5JXR7_HUMAN NFX1-type zinc finger-containing protein 1 (Fragment) OS=Homo sapiens OX=9606 GN=ZNFX1 PE=1 SV=1
5104	wuhan_hu_1|1|orf1ab_polyprotein|MN908947|266|21555_5605	tr|H0YAL2|H0YAL2_HUMAN	100.0	7	0	0	1	7	175	181	3.5	21.6	7	tr|H0YAL2|H0YAL2_HUMAN Pachytene checkpoint protein 2 homolog (Fragment) OS=Homo sapiens OX=9606 GN=TRIP13 PE=1 SV=1
5105	wuhan_hu_1|1|orf1ab_polyprotein|MN908947|266|21555_5605	tr|R4GNH3|R4GNH3_HUMAN	100.0	7	0	0	1	7	211	217	3.6	21.6	7	tr|R4GNH3|R4GNH3_HUMAN 26S proteasome regulatory subunit 6A OS=Homo sapiens OX=9606 GN=PSMC3 PE=1 SV=1
5106	wuhan_hu_1|1|orf1ab_polyprotein|MN908947|266|21555_5605	tr|J3KRP2|J3KRP2_HUMAN	100.0	7	0	0	1	7	182	188	3.6	21.6	7	tr|J3KRP2|J3KRP2_HUMAN 26S proteasome regulatory subunit 8 (Fragment) OS=Homo sapiens OX=9606 GN=PSMC5 PE=1 SV=1
5107	wuhan_hu_1|1|orf1ab_polyprotein|MN908947|266|21555_5605	tr|J3QSF3|J3QSF3_HUMAN	100.0	7	0	0	1	7	125	131	3.7	21.6	7	tr|J3QSF3|J3QSF3_HUMAN ATPase family AAA domain-containing protein 3C (Fragment) OS=Homo sapiens OX=9606 GN=ATAD3C PE=1 SV=1
5108	wuhan_hu_1|1|orf1ab_polyprotein|MN908947|266|21555_5605	tr|A0A0C4DG33|A0A0C4DG33_HUMAN	100.0	7	0	0	1	7	824	830	4.0	21.2	7	tr|A0A0C4DG33|A0A0C4DG33_HUMAN Peroxin-1 OS=Homo sapiens OX=9606 GN=PEX1 PE=1 SV=1
5109	wuhan_hu_1|1|orf1ab_polyprotein|MN908947|266|21555_5605	tr|J3QLH6|J3QLH6_HUMAN	100.0	7	0	0	1	7	182	188	4.3	21.2	7	tr|J3QLH6|J3QLH6_HUMAN 26S proteasome regulatory subunit 8 (Fragment) OS=Homo sapiens OX=9606 GN=PSMC5 PE=1 SV=1
5110	wuhan_hu_1|1|orf1ab_polyprotein|MN908947|266|21555_5605	tr|C9JZI1|C9JZI1_HUMAN	100.0	7	0	0	1	7	78	84	4.8	21.2	7	tr|C9JZI1|C9JZI1_HUMAN Replication factor C subunit 4 OS=Homo sapiens OX=9606 GN=RFC4 PE=1 SV=1
5111	wuhan_hu_1|1|orf1ab_polyprotein|MN908947|266|21555_5605	tr|E9PKD5|E9PKD5_HUMAN	100.0	7	0	0	1	7	188	194	4.9	21.2	7	tr|E9PKD5|E9PKD5_HUMAN 26S proteasome regulatory subunit 6A (Fragment) OS=Homo sapiens OX=9606 GN=PSMC3 PE=1 SV=2
5112	wuhan_hu_1|1|orf1ab_polyprotein|MN908947|266|21555_5605	tr|X6RI79|X6RI79_HUMAN	100.0	7	0	0	1	7	205	211	5.4	21.2	7	tr|X6RI79|X6RI79_HUMAN Probable helicase senataxin (Fragment) OS=Homo sapiens OX=9606 GN=SETX PE=1 SV=1
5113	wuhan_hu_1|1|orf1ab_polyprotein|MN908947|266|21555_5605	tr|H0YJC0|H0YJC0_HUMAN	100.0	7	0	0	1	7	174	180	5.4	21.2	7	tr|H0YJC0|H0YJC0_HUMAN 26S proteasome regulatory subunit 10B (Fragment) OS=Homo sapiens OX=9606 GN=PSMC6 PE=1 SV=1
5114	wuhan_hu_1|1|orf1ab_polyprotein|MN908947|266|21555_5605	tr|E9PN50|E9PN50_HUMAN	100.0	7	0	0	1	7	190	196	5.6	21.2	7	tr|E9PN50|E9PN50_HUMAN 26S proteasome regulatory subunit 6A (Fragment) OS=Homo sapiens OX=9606 GN=PSMC3 PE=1 SV=9
5115	wuhan_hu_1|1|orf1ab_polyprotein|MN908947|266|21555_5605	tr|A0A087X2I1|A0A087X2I1_HUMAN	100.0	7	0	0	1	7	188	194	5.6	20.8	7	tr|A0A087X2I1|A0A087X2I1_HUMAN 26S proteasome regulatory subunit 10B OS=Homo sapiens OX=9606 GN=PSMC6 PE=1 SV=1
5116	wuhan_hu_1|1|orf1ab_polyprotein|MN908947|266|21555_5605	tr|E9PM69|E9PM69_HUMAN	100.0	7	0	0	1	7	185	191	5.8	20.8	7	tr|E9PM69|E9PM69_HUMAN 26S proteasome regulatory subunit 6A OS=Homo sapiens OX=9606 GN=PSMC3 PE=1 SV=1
5117	wuhan_hu_1|1|orf1ab_polyprotein|MN908947|266|21555_5605	tr|C9JH72|C9JH72_HUMAN	100.0	7	0	0	1	7	39	45	6.4	20.8	7	tr|C9JH72|C9JH72_HUMAN Replication factor C subunit 5 (Fragment) OS=Homo sapiens OX=9606 GN=RFC5 PE=1 SV=1
5118	wuhan_hu_1|1|orf1ab_polyprotein|MN908947|266|21555_5605	tr|J3QSA9|J3QSA9_HUMAN	100.0	7	0	0	1	7	182	188	6.5	20.8	7	tr|J3QSA9|J3QSA9_HUMAN 26S proteasome regulatory subunit 8 (Fragment) OS=Homo sapiens OX=9606 GN=PSMC5 PE=1 SV=1
5119	wuhan_hu_1|1|orf1ab_polyprotein|MN908947|266|21555_5605	tr|K7EIJ8|K7EIJ8_HUMAN	100.0	7	0	0	1	7	151	157	6.8	20.8	7	tr|K7EIJ8|K7EIJ8_HUMAN Katanin p60 ATPase-containing subunit A-like 2 (Fragment) OS=Homo sapiens OX=9606 GN=KATNAL2 PE=1 SV=1
5120	wuhan_hu_1|1|orf1ab_polyprotein|MN908947|266|21555_5605	tr|J3QQM1|J3QQM1_HUMAN	100.0	7	0	0	1	7	171	177	6.8	20.8	7	tr|J3QQM1|J3QQM1_HUMAN 26S proteasome regulatory subunit 8 (Fragment) OS=Homo sapiens OX=9606 GN=PSMC5 PE=1 SV=1
5121	wuhan_hu_1|1|orf1ab_polyprotein|MN908947|266|21555_5605	tr|Q96I63|Q96I63_HUMAN	100.0	7	0	0	1	7	379	385	8.3	20.4	7	tr|Q96I63|Q96I63_HUMAN ATP-dependent zinc metalloprotease YME1L1 OS=Homo sapiens OX=9606 GN=YME1L1 PE=1 SV=1
5124	wuhan_hu_1|1|orf1ab_polyprotein|MN908947|266|21555_5605	tr|B7ZBC8|B7ZBC8_HUMAN	100.0	7	0	0	1	7	249	255	11.0	20.0	7	tr|B7ZBC8|B7ZBC8_HUMAN Katanin p60 ATPase-containing subunit A1 (Fragment) OS=Homo sapiens OX=9606 GN=KATNA1 PE=1 SV=1
5125	wuhan_hu_1|1|orf1ab_polyprotein|MN908947|266|21555_5605	tr|F5H0U6|F5H0U6_HUMAN	100.0	7	0	0	1	7	92	98	12.0	20.0	7	tr|F5H0U6|F5H0U6_HUMAN Replication factor C subunit 5 (Fragment) OS=Homo sapiens OX=9606 GN=RFC5 PE=1 SV=1
5126	wuhan_hu_1|1|orf1ab_polyprotein|MN908947|266|21555_5605	tr|I3L4J1|I3L4J1_HUMAN	100.0	7	0	0	1	7	191	197	12.0	20.0	7	tr|I3L4J1|I3L4J1_HUMAN Vesicle-fusing ATPase (Fragment) OS=Homo sapiens OX=9606 PE=1 SV=3
5127	wuhan_hu_1|1|orf1ab_polyprotein|MN908947|266|21555_5605	tr|H0YJS8|H0YJS8_HUMAN	100.0	7	0	0	1	7	134	140	13.0	20.0	7	tr|H0YJS8|H0YJS8_HUMAN 26S proteasome regulatory subunit 10B (Fragment) OS=Homo sapiens OX=9606 GN=PSMC6 PE=1 SV=2
5131	wuhan_hu_1|1|orf1ab_polyprotein|MN908947|266|21555_5605	tr|R4GNA5|R4GNA5_HUMAN	100.0	7	0	0	1	7	198	204	17.0	19.6	7	tr|R4GNA5|R4GNA5_HUMAN ATP-dependent zinc metalloprotease YME1L1 (Fragment) OS=Homo sapiens OX=9606 GN=YME1L1 PE=1 SV=1
5132	wuhan_hu_1|1|orf1ab_polyprotein|MN908947|266|21555_5605	tr|K7EM02|K7EM02_HUMAN	100.0	7	0	0	1	7	18	24	18.0	19.6	7	tr|K7EM02|K7EM02_HUMAN Katanin p60 ATPase-containing subunit A-like 2 (Fragment) OS=Homo sapiens OX=9606 GN=KATNAL2 PE=1 SV=1
5135	wuhan_hu_1|1|orf1ab_polyprotein|MN908947|266|21555_5605	tr|Q5JR04|Q5JR04_HUMAN	100.0	7	0	0	1	7	468	474	20.0	19.2	7	tr|Q5JR04|Q5JR04_HUMAN RNA helicase OS=Homo sapiens OX=9606 GN=MOV10 PE=1 SV=1
5137	wuhan_hu_1|1|orf1ab_polyprotein|MN908947|266|21555_5605	tr|C9J8M3|C9J8M3_HUMAN	100.0	7	0	0	1	7	78	84	21.0	19.2	7	tr|C9J8M3|C9J8M3_HUMAN Replication factor C subunit 4 (Fragment) OS=Homo sapiens OX=9606 GN=RFC4 PE=1 SV=1
5139	wuhan_hu_1|1|orf1ab_polyprotein|MN908947|266|21555_5605	tr|J3QRW1|J3QRW1_HUMAN	100.0	7	0	0	1	7	113	119	25.0	19.2	7	tr|J3QRW1|J3QRW1_HUMAN 26S proteasome regulatory subunit 8 (Fragment) OS=Homo sapiens OX=9606 GN=PSMC5 PE=1 SV=1
5145	wuhan_hu_1|1|orf1ab_polyprotein|MN908947|266|21555_5605	tr|E7ETR0|E7ETR0_HUMAN	100.0	7	0	0	1	7	10	16	39.0	18.5	7	tr|E7ETR0|E7ETR0_HUMAN RuvB-like helicase OS=Homo sapiens OX=9606 GN=RUVBL1 PE=1 SV=1
5146	wuhan_hu_1|1|orf1ab_polyprotein|MN908947|266|21555_5605	tr|E9PMD8|E9PMD8_HUMAN	100.0	7	0	0	1	7	234	240	39.0	18.5	7	tr|E9PMD8|E9PMD8_HUMAN 26S proteasome regulatory subunit 6A (Fragment) OS=Homo sapiens OX=9606 GN=PSMC3 PE=1 SV=9
5151	wuhan_hu_1|1|orf1ab_polyprotein|MN908947|266|21555_5605	tr|F5H304|F5H304_HUMAN	100.0	7	0	0	1	7	39	45	41.0	18.5	7	tr|F5H304|F5H304_HUMAN Replication factor C subunit 5 (Fragment) OS=Homo sapiens OX=9606 GN=RFC5 PE=1 SV=1
5153	wuhan_hu_1|1|orf1ab_polyprotein|MN908947|266|21555_5605	tr|C9JTT7|C9JTT7_HUMAN	100.0	7	0	0	1	7	78	84	45.0	18.5	7	tr|C9JTT7|C9JTT7_HUMAN Replication factor C subunit 4 (Fragment) OS=Homo sapiens OX=9606 GN=RFC4 PE=1 SV=1
5154	wuhan_hu_1|1|orf1ab_polyprotein|MN908947|266|21555_5605	tr|A0A5K1VW56|A0A5K1VW56_HUMAN	100.0	7	0	0	1	7	246	252	45.0	18.5	7	tr|A0A5K1VW56|A0A5K1VW56_HUMAN ATPase family AAA domain-containing protein 3B OS=Homo sapiens OX=9606 GN=ATAD3B PE=1 SV=1
5169	wuhan_hu_1|1|orf1ab_polyprotein|MN908947|266|21555_5605	tr|C9JXZ7|C9JXZ7_HUMAN	100.0	7	0	0	1	7	78	84	48.0	18.5	7	tr|C9JXZ7|C9JXZ7_HUMAN Replication factor C subunit 4 (Fragment) OS=Homo sapiens OX=9606 GN=RFC4 PE=1 SV=1
5175	wuhan_hu_1|1|orf1ab_polyprotein|MN908947|266|21555_5605	tr|G3V4X1|G3V4X1_HUMAN	100.0	7	0	0	1	7	63	69	55.0	18.1	7	tr|G3V4X1|G3V4X1_HUMAN 26S proteasome regulatory subunit 4 (Fragment) OS=Homo sapiens OX=9606 GN=PSMC1 PE=1 SV=1
5176	wuhan_hu_1|1|orf1ab_polyprotein|MN908947|266|21555_5605	tr|C9JGY5|C9JGY5_HUMAN	100.0	7	0	0	1	7	78	84	58.0	18.1	7	tr|C9JGY5|C9JGY5_HUMAN Replication factor C subunit 4 (Fragment) OS=Homo sapiens OX=9606 GN=RFC4 PE=1 SV=1
5177	wuhan_hu_1|1|orf1ab_polyprotein|MN908947|266|21555_5605	tr|F8WE44|F8WE44_HUMAN	100.0	7	0	0	1	7	78	84	59.0	18.1	7	tr|F8WE44|F8WE44_HUMAN Replication factor C subunit 4 OS=Homo sapiens OX=9606 GN=RFC4 PE=1 SV=1
5178	wuhan_hu_1|1|orf1ab_polyprotein|MN908947|266|21555_5605	tr|J3QRR3|J3QRR3_HUMAN	100.0	7	0	0	1	7	45	51	64.0	18.1	7	tr|J3QRR3|J3QRR3_HUMAN 26S proteasome regulatory subunit 8 (Fragment) OS=Homo sapiens OX=9606 GN=PSMC5 PE=1 SV=1
5201	wuhan_hu_1|1|orf1ab_polyprotein|MN908947|266|21555_5606	tr|X6RI79|X6RI79_HUMAN	100.0	7	0	0	1	7	206	212	19.0	19.2	7	tr|X6RI79|X6RI79_HUMAN Probable helicase senataxin (Fragment) OS=Homo sapiens OX=9606 GN=SETX PE=1 SV=1
5212	wuhan_hu_1|1|orf1ab_polyprotein|MN908947|266|21555_5606	tr|I3L4J1|I3L4J1_HUMAN	100.0	7	0	0	1	7	192	198	29.0	18.9	7	tr|I3L4J1|I3L4J1_HUMAN Vesicle-fusing ATPase (Fragment) OS=Homo sapiens OX=9606 PE=1 SV=3
5315	wuhan_hu_1|1|orf1ab_polyprotein|MN908947|266|21555_5743	tr|E9PI12|E9PI12_HUMAN	100.0	7	0	0	1	7	49	55	25.0	19.2	7	tr|E9PI12|E9PI12_HUMAN UPF0705 protein C11orf49 OS=Homo sapiens OX=9606 GN=C11orf49 PE=1 SV=1
5403	wuhan_hu_1|1|orf1ab_polyprotein|MN908947|266|21555_5885	tr|F8VR31|F8VR31_HUMAN	100.0	7	0	0	1	7	763	769	66.0	17.7	7	tr|F8VR31|F8VR31_HUMAN DNA replication ATP-dependent helicase/nuclease OS=Homo sapiens OX=9606 GN=DNA2 PE=1 SV=3
5404	wuhan_hu_1|1|orf1ab_polyprotein|MN908947|266|21555_5885	tr|H0Y455|H0Y455_HUMAN	100.0	7	0	0	1	7	323	329	67.0	17.7	7	tr|H0Y455|H0Y455_HUMAN DNA replication ATP-dependent helicase/nuclease (Fragment) OS=Homo sapiens OX=9606 GN=DNA2 PE=1 SV=1
5405	wuhan_hu_1|1|orf1ab_polyprotein|MN908947|266|21555_5886	tr|F8VR31|F8VR31_HUMAN	100.0	7	0	0	1	7	764	770	94.0	17.3	7	tr|F8VR31|F8VR31_HUMAN DNA replication ATP-dependent helicase/nuclease OS=Homo sapiens OX=9606 GN=DNA2 PE=1 SV=3
5406	wuhan_hu_1|1|orf1ab_polyprotein|MN908947|266|21555_5886	tr|H0Y455|H0Y455_HUMAN	100.0	7	0	0	1	7	324	330	96.0	17.3	7	tr|H0Y455|H0Y455_HUMAN DNA replication ATP-dependent helicase/nuclease (Fragment) OS=Homo sapiens OX=9606 GN=DNA2 PE=1 SV=1
5441	wuhan_hu_1|1|orf1ab_polyprotein|MN908947|266|21555_5965	tr|U3KQH2|U3KQH2_HUMAN	100.0	7	0	0	1	7	201	207	41.0	18.5	7	tr|U3KQH2|U3KQH2_HUMAN T-box transcription factor TBX18 OS=Homo sapiens OX=9606 GN=TBX18 PE=1 SV=1
5449	wuhan_hu_1|1|orf1ab_polyprotein|MN908947|266|21555_5966	tr|H0Y9T5|H0Y9T5_HUMAN	100.0	7	0	0	1	7	159	165	75.0	17.7	7	tr|H0Y9T5|H0Y9T5_HUMAN m7GpppN-mRNA hydrolase (Fragment) OS=Homo sapiens OX=9606 GN=DCP2 PE=1 SV=2
5920	wuhan_hu_1|1|orf1ab_polyprotein|MN908947|266|21555_6268	tr|E9PJN4|E9PJN4_HUMAN	100.0	7	0	0	1	7	660	666	6.2	20.8	7	tr|E9PJN4|E9PJN4_HUMAN Short transient receptor potential channel 6 OS=Homo sapiens OX=9606 GN=TRPC6 PE=1 SV=1
5921	wuhan_hu_1|1|orf1ab_polyprotein|MN908947|266|21555_6268	tr|Q70T25|Q70T25_HUMAN	100.0	7	0	0	1	7	628	634	11.0	20.0	7	tr|Q70T25|Q70T25_HUMAN Short transient receptor potential channel 7 OS=Homo sapiens OX=9606 GN=TRPC7 PE=2 SV=1
5989	wuhan_hu_1|1|orf1ab_polyprotein|MN908947|266|21555_54	tr|E7EVJ3|E7EVJ3_HUMAN	100.0	7	0	0	1	7	214	220	67.0	17.7	7	tr|E7EVJ3|E7EVJ3_HUMAN [Heparan sulfate]-glucosamine N-sulfotransferase OS=Homo sapiens OX=9606 GN=NDST1 PE=1 SV=1
5990	wuhan_hu_1|1|orf1ab_polyprotein|MN908947|266|21555_55	tr|E7EVJ3|E7EVJ3_HUMAN	100.0	7	0	0	1	7	215	221	37.0	18.5	7	tr|E7EVJ3|E7EVJ3_HUMAN [Heparan sulfate]-glucosamine N-sulfotransferase OS=Homo sapiens OX=9606 GN=NDST1 PE=1 SV=1
6203	wuhan_hu_1|1|orf1ab_polyprotein|MN908947|266|21555_6315	tr|I3L1V6|I3L1V6_HUMAN	100.0	7	0	0	1	7	8	14	41.0	18.5	7	tr|I3L1V6|I3L1V6_HUMAN Brain protein I3 (Fragment) OS=Homo sapiens OX=9606 GN=BRI3 PE=4 SV=1
6206	wuhan_hu_1|1|orf1ab_polyprotein|MN908947|266|21555_6316	tr|I3L1V6|I3L1V6_HUMAN	100.0	7	0	0	1	7	9	15	67.0	17.7	7	tr|I3L1V6|I3L1V6_HUMAN Brain protein I3 (Fragment) OS=Homo sapiens OX=9606 GN=BRI3 PE=4 SV=1
6512	wuhan_hu_1|1|orf1ab_polyprotein|MN908947|266|21555_6449	tr|B4DT06|B4DT06_HUMAN	100.0	7	0	0	1	7	642	648	65.0	17.7	7	tr|B4DT06|B4DT06_HUMAN Protein xylosyltransferase OS=Homo sapiens OX=9606 GN=XYLT2 PE=1 SV=1
6622	wuhan_hu_1|1|orf1ab_polyprotein|MN908947|266|21555_6546	tr|A0A2R8YFB8|A0A2R8YFB8_HUMAN	100.0	7	0	0	1	7	71	77	36.0	18.5	7	tr|A0A2R8YFB8|A0A2R8YFB8_HUMAN Ras-related protein Rab-15 OS=Homo sapiens OX=9606 GN=RAB15 PE=1 SV=1
6623	wuhan_hu_1|1|orf1ab_polyprotein|MN908947|266|21555_6546	tr|G3V196|G3V196_HUMAN	100.0	7	0	0	1	7	62	68	36.0	18.5	7	tr|G3V196|G3V196_HUMAN Ras-related protein Rab-15 OS=Homo sapiens OX=9606 GN=RAB15 PE=1 SV=2
6650	wuhan_hu_1|1|orf1ab_polyprotein|MN908947|266|21555_6582	tr|A0A087WYV9|A0A087WYV9_HUMAN	100.0	7	0	0	1	7	82	88	38.0	18.5	7	tr|A0A087WYV9|A0A087WYV9_HUMAN Cytochrome c oxidase assembly protein COX16 homolog, mitochondrial OS=Homo sapiens OX=9606 GN=SYNJ2BP-COX16 PE=3 SV=1
6651	wuhan_hu_1|1|orf1ab_polyprotein|MN908947|266|21555_6582	tr|A0A087X1F5|A0A087X1F5_HUMAN	100.0	7	0	0	1	7	82	88	44.0	18.5	7	tr|A0A087X1F5|A0A087X1F5_HUMAN Cytochrome c oxidase assembly protein COX16 homolog, mitochondrial (Fragment) OS=Homo sapiens OX=9606 GN=SYNJ2BP-COX16 PE=3 SV=6
6716	wuhan_hu_1|1|orf1ab_polyprotein|MN908947|266|21555_6741	tr|A0A6E1WXZ9|A0A6E1WXZ9_HUMAN	100.0	7	0	0	1	7	416	422	6.5	20.8	7	tr|A0A6E1WXZ9|A0A6E1WXZ9_HUMAN T-complex protein 11 homolog OS=Homo sapiens OX=9606 GN=TCP11 PE=4 SV=1
6720	wuhan_hu_1|1|orf1ab_polyprotein|MN908947|266|21555_6750	tr|A0A669KAX3|A0A669KAX3_HUMAN	100.0	7	0	0	1	7	256	262	26.0	18.9	7	tr|A0A669KAX3|A0A669KAX3_HUMAN Wolframin OS=Homo sapiens OX=9606 GN=WFS1 PE=1 SV=1
6721	wuhan_hu_1|1|orf1ab_polyprotein|MN908947|266|21555_6750	tr|A0A669KBF0|A0A669KBF0_HUMAN	100.0	7	0	0	1	7	177	183	27.0	18.9	7	tr|A0A669KBF0|A0A669KBF0_HUMAN Wolframin (Fragment) OS=Homo sapiens OX=9606 GN=WFS1 PE=1 SV=1
6722	wuhan_hu_1|1|orf1ab_polyprotein|MN908947|266|21555_6750	tr|H0Y9G5|H0Y9G5_HUMAN	100.0	7	0	0	1	7	161	167	33.0	18.9	7	tr|H0Y9G5|H0Y9G5_HUMAN Wolframin OS=Homo sapiens OX=9606 GN=WFS1 PE=1 SV=2
6822	wuhan_hu_1|1|orf1ab_polyprotein|MN908947|266|21555_6876	tr|Q5T1B5|Q5T1B5_HUMAN	100.0	7	0	0	1	7	7	13	40.0	18.5	7	tr|Q5T1B5|Q5T1B5_HUMAN Inositol polyphosphate-5-phosphatase A OS=Homo sapiens OX=9606 GN=INPP5A PE=1 SV=1
6879	wuhan_hu_1|1|orf1ab_polyprotein|MN908947|266|21555_6900	tr|E9PEE8|E9PEE8_HUMAN	100.0	7	0	0	1	7	226	232	37.0	18.5	7	tr|E9PEE8|E9PEE8_HUMAN Integrin beta OS=Homo sapiens OX=9606 GN=ITGB6 PE=1 SV=1
6880	wuhan_hu_1|1|orf1ab_polyprotein|MN908947|266|21555_6900	tr|A0A087WXP3|A0A087WXP3_HUMAN	100.0	7	0	0	1	7	173	179	42.0	18.5	7	tr|A0A087WXP3|A0A087WXP3_HUMAN Integrin beta OS=Homo sapiens OX=9606 GN=ITGB6 PE=1 SV=1
7294	wuhan_hu_1|2|surface_glycoprotein|MN908947|21563|25384_185	tr|A0A0A0MT83|A0A0A0MT83_HUMAN	100.0	7	0	0	1	7	74	80	13.0	20.0	7	tr|A0A0A0MT83|A0A0A0MT83_HUMAN Butyryl-CoA dehydrogenase OS=Homo sapiens OX=9606 GN=IVD PE=1 SV=2
7295	wuhan_hu_1|2|surface_glycoprotein|MN908947|21563|25384_185	tr|H0YN10|H0YN10_HUMAN	100.0	7	0	0	1	7	58	64	13.0	20.0	7	tr|H0YN10|H0YN10_HUMAN Isovaleryl-CoA dehydrogenase, mitochondrial (Fragment) OS=Homo sapiens OX=9606 GN=IVD PE=1 SV=1
7316	wuhan_hu_1|2|surface_glycoprotein|MN908947|21563|25384_201	tr|E9PLC3|E9PLC3_HUMAN	100.0	7	0	0	1	7	7	13	47.0	18.1	7	tr|E9PLC3|E9PLC3_HUMAN Uncharacterized protein C1orf105 OS=Homo sapiens OX=9606 GN=C1orf105 PE=4 SV=1
7328	wuhan_hu_1|2|surface_glycoprotein|MN908947|21563|25384_235	tr|A0A0J9YYF7|A0A0J9YYF7_HUMAN	100.0	7	0	0	1	7	251	257	71.0	17.7	7	tr|A0A0J9YYF7|A0A0J9YYF7_HUMAN Disheveled-associated activator of morphogenesis 2 OS=Homo sapiens OX=9606 GN=DAAM2 PE=1 SV=1
7330	wuhan_hu_1|1|orf1ab_polyprotein|MN908947|266|21555_723	tr|K7EM35|K7EM35_HUMAN	100.0	7	0	0	1	7	30	36	99.0	17.3	7	tr|K7EM35|K7EM35_HUMAN Estrogen-related receptor gamma OS=Homo sapiens OX=9606 GN=ESRRG PE=4 SV=1
7331	wuhan_hu_1|1|orf1ab_polyprotein|MN908947|266|21555_724	tr|K7EM35|K7EM35_HUMAN	100.0	7	0	0	1	7	31	37	45.0	18.1	7	tr|K7EM35|K7EM35_HUMAN Estrogen-related receptor gamma OS=Homo sapiens OX=9606 GN=ESRRG PE=4 SV=1
7347	wuhan_hu_1|2|surface_glycoprotein|MN908947|21563|25384_253	tr|H7C121|H7C121_HUMAN	100.0	7	0	0	1	7	610	616	61.0	17.7	7	tr|H7C121|H7C121_HUMAN Transmembrane protein KIAA1109 (Fragment) OS=Homo sapiens OX=9606 GN=KIAA1109 PE=1 SV=1
7638	wuhan_hu_1|2|surface_glycoprotein|MN908947|21563|25384_385	tr|A0A0A0MTG5|A0A0A0MTG5_HUMAN	100.0	7	0	0	1	7	131	137	40.0	18.5	7	tr|A0A0A0MTG5|A0A0A0MTG5_HUMAN Interleukin-7 OS=Homo sapiens OX=9606 GN=IL7 PE=1 SV=1
7639	wuhan_hu_1|2|surface_glycoprotein|MN908947|21563|25384_385	tr|Q5FBX5|Q5FBX5_HUMAN	100.0	7	0	0	1	7	87	93	42.0	18.5	7	tr|Q5FBX5|Q5FBX5_HUMAN Interleukin-7 OS=Homo sapiens OX=9606 GN=IL7 PE=1 SV=1
7651	wuhan_hu_1|2|surface_glycoprotein|MN908947|21563|25384_404	tr|H0Y765|H0Y765_HUMAN	100.0	7	0	0	1	7	1147	1153	39.0	18.5	7	tr|H0Y765|H0Y765_HUMAN Histone-lysine N-methyltransferase 2C (Fragment) OS=Homo sapiens OX=9606 GN=KMT2C PE=1 SV=1
7652	wuhan_hu_1|2|surface_glycoprotein|MN908947|21563|25384_404	tr|H7BY37|H7BY37_HUMAN	100.0	7	0	0	1	7	2091	2097	66.0	17.7	7	tr|H7BY37|H7BY37_HUMAN Histone-lysine N-methyltransferase 2C (Fragment) OS=Homo sapiens OX=9606 GN=KMT2C PE=1 SV=1
7867	wuhan_hu_1|2|surface_glycoprotein|MN908947|21563|25384_634	tr|A0A087X0M8|A0A087X0M8_HUMAN	100.0	7	0	0	1	7	357	363	60.0	17.7	7	tr|A0A087X0M8|A0A087X0M8_HUMAN Neural cell adhesion molecule L1-like protein OS=Homo sapiens OX=9606 GN=CHL1 PE=1 SV=1
7893	wuhan_hu_1|2|surface_glycoprotein|MN908947|21563|25384_665	tr|E5RHN3|E5RHN3_HUMAN	100.0	7	0	0	1	7	177	183	29.0	18.9	7	tr|E5RHN3|E5RHN3_HUMAN Hepatitis A virus cellular receptor 2 OS=Homo sapiens OX=9606 GN=HAVCR2 PE=1 SV=1
7895	wuhan_hu_1|2|surface_glycoprotein|MN908947|21563|25384_681	tr|C5HTZ1|C5HTZ1_HUMAN	100.0	7	0	0	1	7	201	207	56.0	18.1	7	tr|C5HTZ1|C5HTZ1_HUMAN Amiloride-sensitive sodium channel subunit alpha OS=Homo sapiens OX=9606 GN=SCNN1A PE=1 SV=1
7896	wuhan_hu_1|2|surface_glycoprotein|MN908947|21563|25384_681	tr|J3KPV6|J3KPV6_HUMAN	100.0	7	0	0	1	7	201	207	57.0	18.1	7	tr|J3KPV6|J3KPV6_HUMAN Amiloride-sensitive sodium channel subunit alpha OS=Homo sapiens OX=9606 GN=SCNN1A PE=1 SV=1
7897	wuhan_hu_1|2|surface_glycoprotein|MN908947|21563|25384_682	tr|J3KPV6|J3KPV6_HUMAN	100.0	7	0	0	1	7	202	208	89.0	17.3	7	tr|J3KPV6|J3KPV6_HUMAN Amiloride-sensitive sodium channel subunit alpha OS=Homo sapiens OX=9606 GN=SCNN1A PE=1 SV=1
7898	wuhan_hu_1|2|surface_glycoprotein|MN908947|21563|25384_682	tr|C5HTZ1|C5HTZ1_HUMAN	100.0	7	0	0	1	7	202	208	92.0	17.3	7	tr|C5HTZ1|C5HTZ1_HUMAN Amiloride-sensitive sodium channel subunit alpha OS=Homo sapiens OX=9606 GN=SCNN1A PE=1 SV=1
7986	wuhan_hu_1|2|surface_glycoprotein|MN908947|21563|25384_856	tr|A0A0A0MTS9|A0A0A0MTS9_HUMAN	100.0	7	0	0	1	7	78	84	13.0	20.0	7	tr|A0A0A0MTS9|A0A0A0MTS9_HUMAN FH1/FH2 domain-containing protein 3 (Fragment) OS=Homo sapiens OX=9606 GN=FHOD3 PE=1 SV=1
7987	wuhan_hu_1|2|surface_glycoprotein|MN908947|21563|25384_856	tr|K7EKZ0|K7EKZ0_HUMAN	100.0	7	0	0	1	7	6	12	24.0	19.2	7	tr|K7EKZ0|K7EKZ0_HUMAN FH1/FH2 domain-containing protein 3 (Fragment) OS=Homo sapiens OX=9606 GN=FHOD3 PE=1 SV=1
7988	wuhan_hu_1|2|surface_glycoprotein|MN908947|21563|25384_856	tr|K7ER94|K7ER94_HUMAN	100.0	7	0	0	1	7	750	756	34.0	18.5	7	tr|K7ER94|K7ER94_HUMAN FH1/FH2 domain-containing protein 3 (Fragment) OS=Homo sapiens OX=9606 GN=FHOD3 PE=1 SV=1
7989	wuhan_hu_1|2|surface_glycoprotein|MN908947|21563|25384_856	tr|K7EP24|K7EP24_HUMAN	100.0	7	0	0	1	7	185	191	43.0	18.5	7	tr|K7EP24|K7EP24_HUMAN FH1/FH2 domain-containing protein 3 OS=Homo sapiens OX=9606 GN=FHOD3 PE=1 SV=1
8037	wuhan_hu_1|2|surface_glycoprotein|MN908947|21563|25384_997	tr|H0YI14|H0YI14_HUMAN	100.0	7	0	0	1	7	239	245	89.0	17.3	7	tr|H0YI14|H0YI14_HUMAN Neuron navigator 3 (Fragment) OS=Homo sapiens OX=9606 GN=NAV3 PE=1 SV=1
8038	wuhan_hu_1|2|surface_glycoprotein|MN908947|21563|25384_997	tr|H0YHA8|H0YHA8_HUMAN	100.0	7	0	0	1	7	505	511	90.0	17.3	7	tr|H0YHA8|H0YHA8_HUMAN Neuron navigator 3 (Fragment) OS=Homo sapiens OX=9606 GN=NAV3 PE=1 SV=1
8039	wuhan_hu_1|2|surface_glycoprotein|MN908947|21563|25384_997	tr|A0A2R8YFX5|A0A2R8YFX5_HUMAN	100.0	7	0	0	1	7	1096	1102	94.0	17.3	7	tr|A0A2R8YFX5|A0A2R8YFX5_HUMAN Neuron navigator 3 OS=Homo sapiens OX=9606 GN=NAV3 PE=1 SV=1
8198	wuhan_hu_1|2|surface_glycoprotein|MN908947|21563|25384_1172	tr|H0Y3V5|H0Y3V5_HUMAN	100.0	7	0	0	1	7	336	342	80.0	17.3	7	tr|H0Y3V5|H0Y3V5_HUMAN Thyroid adenoma-associated protein (Fragment) OS=Homo sapiens OX=9606 GN=THADA PE=1 SV=1
8199	wuhan_hu_1|2|surface_glycoprotein|MN908947|21563|25384_1181	tr|A0A087X027|A0A087X027_HUMAN	100.0	7	0	0	1	7	54	60	91.0	17.3	7	tr|A0A087X027|A0A087X027_HUMAN Protein SETSIP OS=Homo sapiens OX=9606 GN=SETSIP PE=1 SV=1
8200	wuhan_hu_1|2|surface_glycoprotein|MN908947|21563|25384_1181	tr|A0A0C4DFV9|A0A0C4DFV9_HUMAN	100.0	7	0	0	1	7	30	36	100.0	17.3	7	tr|A0A0C4DFV9|A0A0C4DFV9_HUMAN Protein SET OS=Homo sapiens OX=9606 GN=SET PE=1 SV=1
8524	wuhan_hu_1|2|surface_glycoprotein|MN908947|21563|25384_1256	tr|F8W883|F8W883_HUMAN	100.0	7	0	0	1	7	1426	1432	89.0	17.3	7	tr|F8W883|F8W883_HUMAN Unconventional myosin-XVI OS=Homo sapiens OX=9606 GN=MYO16 PE=1 SV=2
8525	wuhan_hu_1|2|surface_glycoprotein|MN908947|21563|25384_1257	tr|F8W883|F8W883_HUMAN	100.0	7	0	0	1	7	1427	1433	72.0	17.7	7	tr|F8W883|F8W883_HUMAN Unconventional myosin-XVI OS=Homo sapiens OX=9606 GN=MYO16 PE=1 SV=2
8540	wuhan_hu_1|1|orf1ab_polyprotein|MN908947|266|21555_69	tr|H3BRW9|H3BRW9_HUMAN	100.0	7	0	0	1	7	184	190	33.0	18.9	7	tr|H3BRW9|H3BRW9_HUMAN Dual-specificity mitogen-activated protein kinase kinase 1 OS=Homo sapiens OX=9606 GN=MAP2K1 PE=1 SV=1
8669	wuhan_hu_1|3|ORF3a_protein|MN908947|25393|26220_92	tr|A0A1W2PQ11|A0A1W2PQ11_HUMAN	100.0	7	0	0	1	7	10	16	81.0	17.3	7	tr|A0A1W2PQ11|A0A1W2PQ11_HUMAN Contactin-2 OS=Homo sapiens OX=9606 GN=CNTN2 PE=1 SV=1
8670	wuhan_hu_1|3|ORF3a_protein|MN908947|25393|26220_92	tr|A0A1W2PQ86|A0A1W2PQ86_HUMAN	100.0	7	0	0	1	7	10	16	81.0	17.3	7	tr|A0A1W2PQ86|A0A1W2PQ86_HUMAN Contactin-2 OS=Homo sapiens OX=9606 GN=CNTN2 PE=1 SV=1
8833	wuhan_hu_1|3|ORF3a_protein|MN908947|25393|26220_131	tr|H0Y7P8|H0Y7P8_HUMAN	100.0	7	0	0	1	7	319	325	10.0	20.4	7	tr|H0Y7P8|H0Y7P8_HUMAN Vacuolar protein sorting-associated protein 13A (Fragment) OS=Homo sapiens OX=9606 GN=VPS13A PE=1 SV=1
8929	wuhan_hu_1|4|envelope_protein|MN908947|26245|26472_13	tr|A0A3B3ITJ4|A0A3B3ITJ4_HUMAN	100.0	7	0	0	1	7	102	108	77.0	17.7	7	tr|A0A3B3ITJ4|A0A3B3ITJ4_HUMAN Heterogeneous nuclear ribonucleoprotein L (Fragment) OS=Homo sapiens OX=9606 GN=HNRNPL PE=1 SV=1
8930	wuhan_hu_1|4|envelope_protein|MN908947|26245|26472_13	tr|M0QXS5|M0QXS5_HUMAN	100.0	7	0	0	1	7	132	138	77.0	17.7	7	tr|M0QXS5|M0QXS5_HUMAN Heterogeneous nuclear ribonucleoprotein L (Fragment) OS=Homo sapiens OX=9606 GN=HNRNPL PE=1 SV=1
8931	wuhan_hu_1|4|envelope_protein|MN908947|26245|26472_13	tr|M0R1W6|M0R1W6_HUMAN	100.0	7	0	0	1	7	123	129	80.0	17.7	7	tr|M0R1W6|M0R1W6_HUMAN Heterogeneous nuclear ribonucleoprotein L (Fragment) OS=Homo sapiens OX=9606 GN=HNRNPL PE=1 SV=1
8932	wuhan_hu_1|4|envelope_protein|MN908947|26245|26472_13	tr|M0QYL7|M0QYL7_HUMAN	100.0	7	0	0	1	7	126	132	80.0	17.7	7	tr|M0QYL7|M0QYL7_HUMAN Heterogeneous nuclear ribonucleoprotein L (Fragment) OS=Homo sapiens OX=9606 GN=HNRNPL PE=1 SV=1
8933	wuhan_hu_1|4|envelope_protein|MN908947|26245|26472_13	tr|B4DVF8|B4DVF8_HUMAN	100.0	7	0	0	1	7	58	64	81.0	17.7	7	tr|B4DVF8|B4DVF8_HUMAN Heterogeneous nuclear ribonucleoprotein L OS=Homo sapiens OX=9606 GN=HNRNPL PE=1 SV=1
8935	wuhan_hu_1|4|envelope_protein|MN908947|26245|26472_34	tr|B4DIE3|B4DIE3_HUMAN	100.0	7	0	0	1	7	8	14	28.0	18.9	7	tr|B4DIE3|B4DIE3_HUMAN Protein disulfide-isomerase TMX3 OS=Homo sapiens OX=9606 GN=TMX3 PE=1 SV=1
8936	wuhan_hu_1|4|envelope_protein|MN908947|26245|26472_34	tr|H3BPB3|H3BPB3_HUMAN	100.0	7	0	0	1	7	8	14	29.0	18.9	7	tr|H3BPB3|H3BPB3_HUMAN Protein disulfide-isomerase TMX3 OS=Homo sapiens OX=9606 GN=TMX3 PE=1 SV=1
8937	wuhan_hu_1|4|envelope_protein|MN908947|26245|26472_34	tr|H3BVI1|H3BVI1_HUMAN	100.0	7	0	0	1	7	8	14	33.0	18.9	7	tr|H3BVI1|H3BVI1_HUMAN Protein disulfide-isomerase TMX3 OS=Homo sapiens OX=9606 GN=TMX3 PE=1 SV=1
8938	wuhan_hu_1|4|envelope_protein|MN908947|26245|26472_34	tr|H3BRY0|H3BRY0_HUMAN	100.0	7	0	0	1	7	8	14	77.0	17.7	7	tr|H3BRY0|H3BRY0_HUMAN Protein disulfide-isomerase TMX3 OS=Homo sapiens OX=9606 GN=TMX3 PE=1 SV=1
9230	wuhan_hu_1|5|membrane_glycoprotein|MN908947|26523|27191_187	tr|A0A2R8Y4C3|A0A2R8Y4C3_HUMAN	100.0	7	0	0	1	7	359	365	53.0	18.1	7	tr|A0A2R8Y4C3|A0A2R8Y4C3_HUMAN Myosin-14 OS=Homo sapiens OX=9606 GN=MYH14 PE=1 SV=1
9366	wuhan_hu_1|7|ORF7a_protein|MN908947|27394|27759_113	tr|X6RM59|X6RM59_HUMAN	100.0	7	0	0	1	7	31	37	51.0	18.1	7	tr|X6RM59|X6RM59_HUMAN 5'-nucleotidase OS=Homo sapiens OX=9606 GN=NT5C3A PE=1 SV=1
9698	wuhan_hu_1|9|nucleocapsid_phosphoprotein|MN908947|28274|29533_76	tr|D6R9J2|D6R9J2_HUMAN	100.0	7	0	0	1	7	74	80	73.0	17.7	7	tr|D6R9J2|D6R9J2_HUMAN NEDD4-binding protein 2 (Fragment) OS=Homo sapiens OX=9606 GN=N4BP2 PE=1 SV=1
9709	wuhan_hu_1|9|nucleocapsid_phosphoprotein|MN908947|28274|29533_98	tr|A0A0A0MRH8|A0A0A0MRH8_HUMAN	100.0	7	0	0	1	7	618	624	78.0	17.7	7	tr|A0A0A0MRH8|A0A0A0MRH8_HUMAN Chromodomain-helicase-DNA-binding protein 1-like OS=Homo sapiens OX=9606 GN=CHD1L PE=1 SV=2
9710	wuhan_hu_1|9|nucleocapsid_phosphoprotein|MN908947|28274|29533_98	tr|A0A494C179|A0A494C179_HUMAN	100.0	7	0	0	1	7	389	395	79.0	17.7	7	tr|A0A494C179|A0A494C179_HUMAN Chromodomain-helicase-DNA-binding protein 1-like OS=Homo sapiens OX=9606 GN=CHD1L PE=1 SV=1
9711	wuhan_hu_1|9|nucleocapsid_phosphoprotein|MN908947|28274|29533_98	tr|A0A0A0MSH9|A0A0A0MSH9_HUMAN	100.0	7	0	0	1	7	698	704	80.0	17.3	7	tr|A0A0A0MSH9|A0A0A0MSH9_HUMAN Chromodomain-helicase-DNA-binding protein 1-like OS=Homo sapiens OX=9606 GN=CHD1L PE=1 SV=2
9712	wuhan_hu_1|9|nucleocapsid_phosphoprotein|MN908947|28274|29533_98	tr|A0A494C1F7|A0A494C1F7_HUMAN	100.0	7	0	0	1	7	762	768	82.0	17.3	7	tr|A0A494C1F7|A0A494C1F7_HUMAN Chromodomain-helicase-DNA-binding protein 1-like (Fragment) OS=Homo sapiens OX=9606 GN=CHD1L PE=1 SV=1
9713	wuhan_hu_1|9|nucleocapsid_phosphoprotein|MN908947|28274|29533_98	tr|A0A494C1P7|A0A494C1P7_HUMAN	100.0	7	0	0	1	7	665	671	87.0	17.3	7	tr|A0A494C1P7|A0A494C1P7_HUMAN Chromodomain-helicase-DNA-binding protein 1-like OS=Homo sapiens OX=9606 GN=CHD1L PE=1 SV=1
9811	wuhan_hu_1|9|nucleocapsid_phosphoprotein|MN908947|28274|29533_157	tr|F8WD50|F8WD50_HUMAN	100.0	7	0	0	1	7	92	98	43.0	18.5	7	tr|F8WD50|F8WD50_HUMAN Prestin OS=Homo sapiens OX=9606 GN=SLC26A5 PE=4 SV=1
9812	wuhan_hu_1|9|nucleocapsid_phosphoprotein|MN908947|28274|29533_157	tr|F8WDL4|F8WDL4_HUMAN	100.0	7	0	0	1	7	92	98	43.0	18.5	7	tr|F8WDL4|F8WDL4_HUMAN Prestin OS=Homo sapiens OX=9606 GN=SLC26A5 PE=4 SV=1
9813	wuhan_hu_1|9|nucleocapsid_phosphoprotein|MN908947|28274|29533_157	tr|E9PCM2|E9PCM2_HUMAN	100.0	7	0	0	1	7	92	98	50.0	18.1	7	tr|E9PCM2|E9PCM2_HUMAN Prestin OS=Homo sapiens OX=9606 GN=SLC26A5 PE=3 SV=1
9814	wuhan_hu_1|9|nucleocapsid_phosphoprotein|MN908947|28274|29533_157	tr|Q7Z7F4|Q7Z7F4_HUMAN	100.0	7	0	0	1	7	92	98	51.0	18.1	7	tr|Q7Z7F4|Q7Z7F4_HUMAN Prestin OS=Homo sapiens OX=9606 GN=SLC26A5 PE=2 SV=1
9815	wuhan_hu_1|9|nucleocapsid_phosphoprotein|MN908947|28274|29533_157	tr|Q496J0|Q496J0_HUMAN	100.0	7	0	0	1	7	92	98	67.0	17.7	7	tr|Q496J0|Q496J0_HUMAN Prestin OS=Homo sapiens OX=9606 GN=SLC26A5 PE=2 SV=1
9816	wuhan_hu_1|9|nucleocapsid_phosphoprotein|MN908947|28274|29533_157	tr|Q496J3|Q496J3_HUMAN	100.0	7	0	0	1	7	92	98	70.0	17.7	7	tr|Q496J3|Q496J3_HUMAN Prestin OS=Homo sapiens OX=9606 GN=SLC26A5 PE=2 SV=1
10111	wuhan_hu_1|1|orf1ab_polyprotein|MN908947|266|21555_1104	tr|Q5SR54|Q5SR54_HUMAN	100.0	7	0	0	1	7	643	649	26.0	18.9	7	tr|Q5SR54|Q5SR54_HUMAN Calsyntenin-1 (Fragment) OS=Homo sapiens OX=9606 GN=CLSTN1 PE=1 SV=1
10149	wuhan_hu_1|1|orf1ab_polyprotein|MN908947|266|21555_1126	tr|A0A3B3IU69|A0A3B3IU69_HUMAN	100.0	7	0	0	1	7	57	63	69.0	17.7	7	tr|A0A3B3IU69|A0A3B3IU69_HUMAN Echinoderm microtubule-associated protein-like 1 OS=Homo sapiens OX=9606 GN=EML1 PE=1 SV=1
10150	wuhan_hu_1|1|orf1ab_polyprotein|MN908947|266|21555_1126	tr|F8W717|F8W717_HUMAN	100.0	7	0	0	1	7	20	26	69.0	17.7	7	tr|F8W717|F8W717_HUMAN Echinoderm microtubule-associated protein-like 1 OS=Homo sapiens OX=9606 GN=EML1 PE=1 SV=1
10151	wuhan_hu_1|1|orf1ab_polyprotein|MN908947|266|21555_1126	tr|G3V3N9|G3V3N9_HUMAN	100.0	7	0	0	1	7	38	44	75.0	17.7	7	tr|G3V3N9|G3V3N9_HUMAN Echinoderm microtubule-associated protein-like 1 (Fragment) OS=Homo sapiens OX=9606 GN=EML1 PE=1 SV=1
10152	wuhan_hu_1|1|orf1ab_polyprotein|MN908947|266|21555_1126	tr|G3V500|G3V500_HUMAN	100.0	7	0	0	1	7	20	26	90.0	17.3	7	tr|G3V500|G3V500_HUMAN Echinoderm microtubule-associated protein-like 1 (Fragment) OS=Homo sapiens OX=9606 GN=EML1 PE=1 SV=1
10153	wuhan_hu_1|1|orf1ab_polyprotein|MN908947|266|21555_1130	tr|H0Y9Z5|H0Y9Z5_HUMAN	100.0	7	0	0	1	7	461	467	76.0	17.7	7	tr|H0Y9Z5|H0Y9Z5_HUMAN Poly(A)-specific ribonuclease OS=Homo sapiens OX=9606 GN=CNOT6L PE=1 SV=2
10157	wuhan_hu_1|1|orf1ab_polyprotein|MN908947|266|21555_1134	tr|F8VV64|F8VV64_HUMAN	100.0	7	0	0	1	7	456	462	2.2	21.9	7	tr|F8VV64|F8VV64_HUMAN Tensin-2 OS=Homo sapiens OX=9606 GN=TNS2 PE=1 SV=1
10158	wuhan_hu_1|1|orf1ab_polyprotein|MN908947|266|21555_1134	tr|R4GMX1|R4GMX1_HUMAN	100.0	7	0	0	1	7	101	107	2.4	21.9	7	tr|R4GMX1|R4GMX1_HUMAN Tensin-2 (Fragment) OS=Homo sapiens OX=9606 GN=TNS2 PE=1 SV=1
10164	wuhan_hu_1|1|orf1ab_polyprotein|MN908947|266|21555_1141	tr|A0A0A0MTG7|A0A0A0MTG7_HUMAN	100.0	7	0	0	1	7	176	182	70.0	17.7	7	tr|A0A0A0MTG7|A0A0A0MTG7_HUMAN ADP-ribosylation factor-like protein 6-interacting protein 4 OS=Homo sapiens OX=9606 GN=ARL6IP4 PE=1 SV=1
10188	wuhan_hu_1|1|orf1ab_polyprotein|MN908947|266|21555_1205	tr|H0YEL7|H0YEL7_HUMAN	100.0	7	0	0	1	7	17	23	54.0	18.1	7	tr|H0YEL7|H0YEL7_HUMAN Acetyl-CoA acetyltransferase, mitochondrial (Fragment) OS=Homo sapiens OX=9606 GN=ACAT1 PE=1 SV=1
10189	wuhan_hu_1|1|orf1ab_polyprotein|MN908947|266|21555_1205	tr|A0A5F9ZHH9|A0A5F9ZHH9_HUMAN	100.0	7	0	0	1	7	81	87	65.0	17.7	7	tr|A0A5F9ZHH9|A0A5F9ZHH9_HUMAN Acetyl-CoA acetyltransferase, mitochondrial OS=Homo sapiens OX=9606 GN=ACAT1 PE=1 SV=1
10190	wuhan_hu_1|1|orf1ab_polyprotein|MN908947|266|21555_1205	tr|A0A5F9ZHL1|A0A5F9ZHL1_HUMAN	100.0	7	0	0	1	7	81	87	70.0	17.7	7	tr|A0A5F9ZHL1|A0A5F9ZHL1_HUMAN Acetyl-CoA acetyltransferase, mitochondrial OS=Homo sapiens OX=9606 GN=ACAT1 PE=1 SV=1
10191	wuhan_hu_1|1|orf1ab_polyprotein|MN908947|266|21555_1205	tr|E9PRQ6|E9PRQ6_HUMAN	100.0	7	0	0	1	7	81	87	71.0	17.7	7	tr|E9PRQ6|E9PRQ6_HUMAN Acetyl-CoA acetyltransferase, mitochondrial OS=Homo sapiens OX=9606 GN=ACAT1 PE=1 SV=1
10192	wuhan_hu_1|1|orf1ab_polyprotein|MN908947|266|21555_1205	tr|A0A5F9ZHJ7|A0A5F9ZHJ7_HUMAN	100.0	7	0	0	1	7	81	87	96.0	17.3	7	tr|A0A5F9ZHJ7|A0A5F9ZHJ7_HUMAN Acetyl-CoA acetyltransferase, mitochondrial OS=Homo sapiens OX=9606 GN=ACAT1 PE=1 SV=1
10195	wuhan_hu_1|1|orf1ab_polyprotein|MN908947|266|21555_1209	tr|I3L0T3|I3L0T3_HUMAN	100.0	7	0	0	1	7	47	53	54.0	18.1	7	tr|I3L0T3|I3L0T3_HUMAN Aspartoacylase (Fragment) OS=Homo sapiens OX=9606 GN=ASPA PE=1 SV=8
10215	wuhan_hu_1|1|orf1ab_polyprotein|MN908947|266|21555_1259	tr|J3KQ66|J3KQ66_HUMAN	100.0	7	0	0	1	7	1809	1815	5.3	21.2	7	tr|J3KQ66|J3KQ66_HUMAN Reelin OS=Homo sapiens OX=9606 GN=RELN PE=1 SV=1
10220	wuhan_hu_1|1|orf1ab_polyprotein|MN908947|266|21555_1268	tr|H0Y786|H0Y786_HUMAN	100.0	7	0	0	1	7	747	753	88.0	17.3	7	tr|H0Y786|H0Y786_HUMAN Nebulin (Fragment) OS=Homo sapiens OX=9606 GN=NEB PE=1 SV=1
10221	wuhan_hu_1|1|orf1ab_polyprotein|MN908947|266|21555_1268	tr|A0A087X1N7|A0A087X1N7_HUMAN	100.0	7	0	0	1	7	6017	6023	90.0	17.3	7	tr|A0A087X1N7|A0A087X1N7_HUMAN Nebulin OS=Homo sapiens OX=9606 GN=NEB PE=1 SV=1
10277	wuhan_hu_1|1|orf1ab_polyprotein|MN908947|266|21555_1438	tr|B3KR95|B3KR95_HUMAN	100.0	7	0	0	1	7	124	130	65.0	17.7	7	tr|B3KR95|B3KR95_HUMAN DENN domain-containing protein 1B OS=Homo sapiens OX=9606 GN=DENND1B PE=1 SV=1
10278	wuhan_hu_1|1|orf1ab_polyprotein|MN908947|266|21555_1438	tr|B7ZBL5|B7ZBL5_HUMAN	100.0	7	0	0	1	7	88	94	98.0	17.3	7	tr|B7ZBL5|B7ZBL5_HUMAN DENN domain-containing protein 1B (Fragment) OS=Homo sapiens OX=9606 GN=DENND1B PE=1 SV=1
10329	wuhan_hu_1|1|orf1ab_polyprotein|MN908947|266|21555_1551	tr|I3NI20|I3NI20_HUMAN	100.0	7	0	0	1	7	151	157	21.0	19.2	7	tr|I3NI20|I3NI20_HUMAN Adenylate cyclase type 9 (Fragment) OS=Homo sapiens OX=9606 GN=ADCY9 PE=1 SV=1
10352	wuhan_hu_1|1|orf1ab_polyprotein|MN908947|266|21555_1613	tr|Q5JV61|Q5JV61_HUMAN	100.0	7	0	0	1	7	36	42	47.0	18.5	7	tr|Q5JV61|Q5JV61_HUMAN FERM domain-containing protein 3 (Fragment) OS=Homo sapiens OX=9606 GN=FRMD3 PE=1 SV=1
11076	wuhan_hu_1|1|orf1ab_polyprotein|MN908947|266|21555_2020	tr|A0A1B0GTM5|A0A1B0GTM5_HUMAN	100.0	7	0	0	1	7	99	105	85.0	17.7	7	tr|A0A1B0GTM5|A0A1B0GTM5_HUMAN Leucine-rich glioma-inactivated protein 1 OS=Homo sapiens OX=9606 GN=LGI1 PE=1 SV=1
11077	wuhan_hu_1|1|orf1ab_polyprotein|MN908947|266|21555_2020	tr|A0A0D9SFU4|A0A0D9SFU4_HUMAN	100.0	7	0	0	1	7	75	81	99.0	17.3	7	tr|A0A0D9SFU4|A0A0D9SFU4_HUMAN Leucine-rich glioma-inactivated protein 1 OS=Homo sapiens OX=9606 GN=LGI1 PE=1 SV=1
11078	wuhan_hu_1|1|orf1ab_polyprotein|MN908947|266|21555_2020	tr|A0A1B0GWB4|A0A1B0GWB4_HUMAN	100.0	7	0	0	1	7	99	105	100.0	17.3	7	tr|A0A1B0GWB4|A0A1B0GWB4_HUMAN Leucine-rich glioma-inactivated protein 1 OS=Homo sapiens OX=9606 GN=LGI1 PE=1 SV=1
